# JRE version: Java(TM) SE Runtime Environment (8.0_65-b17) (build 1.8.0_65-b17)
# Java VM: Java HotSpot(TM) 64-Bit Server VM (25.65-b01 mixed mode windows-amd64 compressed oops)
Heap:
 PSYoungGen      total 321024K, used 104983K [0x00000000eab00000, 0x00000000ffd00000, 0x0000000100000000)
  eden space 311296K, 33% used [0x00000000eab00000,0x00000000f1185fc0,0x00000000fdb00000)
  from space 9728K, 0% used [0x00000000fdb00000,0x00000000fdb00000,0x00000000fe480000)
  to   space 17408K, 0% used [0x00000000fec00000,0x00000000fec00000,0x00000000ffd00000)
 ParOldGen       total 104960K, used 51550K [0x00000000c0000000, 0x00000000c6680000, 0x00000000eab00000)
  object space 104960K, 49% used [0x00000000c0000000,0x00000000c32578d8,0x00000000c6680000)
 Metaspace       used 62872K, capacity 68116K, committed 68864K, reserved 1110016K
  class space    used 8243K, capacity 9038K, committed 9216K, reserved 1048576K
GC Heap History (10 events):
Event: 4158.998 GC heap before
{Heap before GC invocations=34 (full 11):
 PSYoungGen      total 329728K, used 5511K [0x00000000eab00000, 0x00000000fff00000, 0x0000000100000000)
  eden space 310784K, 0% used [0x00000000eab00000,0x00000000eab00000,0x00000000fda80000)
  from space 18944K, 29% used [0x00000000fda80000,0x00000000fdfe1d30,0x00000000fed00000)
  to   space 18432K, 0% used [0x00000000fed00000,0x00000000fed00000,0x00000000fff00000)
 ParOldGen       total 104960K, used 54818K [0x00000000c0000000, 0x00000000c6680000, 0x00000000eab00000)
  object space 104960K, 52% used [0x00000000c0000000,0x00000000c3588b98,0x00000000c6680000)
 Metaspace       used 60020K, capacity 64696K, committed 64896K, reserved 1105920K
  class space    used 7932K, capacity 8718K, committed 8832K, reserved 1048576K
Event: 4159.795 GC heap after
Heap after GC invocations=34 (full 11):
 PSYoungGen      total 329728K, used 0K [0x00000000eab00000, 0x00000000fff00000, 0x0000000100000000)
  eden space 310784K, 0% used [0x00000000eab00000,0x00000000eab00000,0x00000000fda80000)
  from space 18944K, 0% used [0x00000000fda80000,0x00000000fda80000,0x00000000fed00000)
  to   space 18432K, 0% used [0x00000000fed00000,0x00000000fed00000,0x00000000fff00000)
 ParOldGen       total 104960K, used 55301K [0x00000000c0000000, 0x00000000c6680000, 0x00000000eab00000)
  object space 104960K, 52% used [0x00000000c0000000,0x00000000c3601740,0x00000000c6680000)
 Metaspace       used 59680K, capacity 64118K, committed 64896K, reserved 1105920K
  class space    used 7865K, capacity 8615K, committed 8832K, reserved 1048576K
}
Event: 4886.945 GC heap before
{Heap before GC invocations=35 (full 11):
 PSYoungGen      total 329728K, used 268889K [0x00000000eab00000, 0x00000000fff00000, 0x0000000100000000)
  eden space 310784K, 86% used [0x00000000eab00000,0x00000000fb1964a0,0x00000000fda80000)
  from space 18944K, 0% used [0x00000000fda80000,0x00000000fda80000,0x00000000fed00000)
  to   space 18432K, 0% used [0x00000000fed00000,0x00000000fed00000,0x00000000fff00000)
 ParOldGen       total 104960K, used 55301K [0x00000000c0000000, 0x00000000c6680000, 0x00000000eab00000)
  object space 104960K, 52% used [0x00000000c0000000,0x00000000c3601740,0x00000000c6680000)
 Metaspace       used 60592K, capacity 65732K, committed 66048K, reserved 1105920K
  class space    used 8007K, capacity 8841K, committed 8960K, reserved 1048576K
Event: 4886.997 GC heap after
Heap after GC invocations=35 (full 11):
 PSYoungGen      total 328704K, used 5623K [0x00000000eab00000, 0x00000000ffe00000, 0x0000000100000000)
  eden space 311296K, 0% used [0x00000000eab00000,0x00000000eab00000,0x00000000fdb00000)
  from space 17408K, 32% used [0x00000000fed00000,0x00000000ff27dd40,0x00000000ffe00000)
  to   space 17920K, 0% used [0x00000000fdb00000,0x00000000fdb00000,0x00000000fec80000)
 ParOldGen       total 104960K, used 55309K [0x00000000c0000000, 0x00000000c6680000, 0x00000000eab00000)
  object space 104960K, 52% used [0x00000000c0000000,0x00000000c3603740,0x00000000c6680000)
 Metaspace       used 60592K, capacity 65732K, committed 66048K, reserved 1105920K
  class space    used 8007K, capacity 8841K, committed 8960K, reserved 1048576K
}
Event: 4886.997 GC heap before
{Heap before GC invocations=36 (full 12):
 PSYoungGen      total 328704K, used 5623K [0x00000000eab00000, 0x00000000ffe00000, 0x0000000100000000)
  eden space 311296K, 0% used [0x00000000eab00000,0x00000000eab00000,0x00000000fdb00000)
  from space 17408K, 32% used [0x00000000fed00000,0x00000000ff27dd40,0x00000000ffe00000)
  to   space 17920K, 0% used [0x00000000fdb00000,0x00000000fdb00000,0x00000000fec80000)
 ParOldGen       total 104960K, used 55309K [0x00000000c0000000, 0x00000000c6680000, 0x00000000eab00000)
  object space 104960K, 52% used [0x00000000c0000000,0x00000000c3603740,0x00000000c6680000)
 Metaspace       used 60592K, capacity 65732K, committed 66048K, reserved 1105920K
  class space    used 8007K, capacity 8841K, committed 8960K, reserved 1048576K
Event: 4888.026 GC heap after
Heap after GC invocations=36 (full 12):
 PSYoungGen      total 328704K, used 0K [0x00000000eab00000, 0x00000000ffe00000, 0x0000000100000000)
  eden space 311296K, 0% used [0x00000000eab00000,0x00000000eab00000,0x00000000fdb00000)
  from space 17408K, 0% used [0x00000000fed00000,0x00000000fed00000,0x00000000ffe00000)
  to   space 17920K, 0% used [0x00000000fdb00000,0x00000000fdb00000,0x00000000fec80000)
 ParOldGen       total 104960K, used 50671K [0x00000000c0000000, 0x00000000c6680000, 0x00000000eab00000)
  object space 104960K, 48% used [0x00000000c0000000,0x00000000c317bc70,0x00000000c6680000)
 Metaspace       used 59935K, capacity 64808K, committed 66048K, reserved 1105920K
  class space    used 7879K, capacity 8642K, committed 8960K, reserved 1048576K
}
Event: 5403.515 GC heap before
{Heap before GC invocations=37 (full 12):
 PSYoungGen      total 328704K, used 307693K [0x00000000eab00000, 0x00000000ffe00000, 0x0000000100000000)
  eden space 311296K, 98% used [0x00000000eab00000,0x00000000fd77b668,0x00000000fdb00000)
  from space 17408K, 0% used [0x00000000fed00000,0x00000000fed00000,0x00000000ffe00000)
  to   space 17920K, 0% used [0x00000000fdb00000,0x00000000fdb00000,0x00000000fec80000)
 ParOldGen       total 104960K, used 50671K [0x00000000c0000000, 0x00000000c6680000, 0x00000000eab00000)
  object space 104960K, 48% used [0x00000000c0000000,0x00000000c317bc70,0x00000000c6680000)
 Metaspace       used 63298K, capacity 68760K, committed 68864K, reserved 1110016K
  class space    used 8330K, capacity 9175K, committed 9216K, reserved 1048576K
Event: 5403.557 GC heap after
Heap after GC invocations=37 (full 12):
 PSYoungGen      total 321024K, used 9669K [0x00000000eab00000, 0x00000000ffd00000, 0x0000000100000000)
  eden space 311296K, 0% used [0x00000000eab00000,0x00000000eab00000,0x00000000fdb00000)
  from space 9728K, 99% used [0x00000000fdb00000,0x00000000fe471448,0x00000000fe480000)
  to   space 17408K, 0% used [0x00000000fec00000,0x00000000fec00000,0x00000000ffd00000)
 ParOldGen       total 104960K, used 50679K [0x00000000c0000000, 0x00000000c6680000, 0x00000000eab00000)
  object space 104960K, 48% used [0x00000000c0000000,0x00000000c317dc70,0x00000000c6680000)
 Metaspace       used 63298K, capacity 68760K, committed 68864K, reserved 1110016K
  class space    used 8330K, capacity 9175K, committed 9216K, reserved 1048576K
}
Event: 5403.557 GC heap before
{Heap before GC invocations=38 (full 13):
 PSYoungGen      total 321024K, used 9669K [0x00000000eab00000, 0x00000000ffd00000, 0x0000000100000000)
  eden space 311296K, 0% used [0x00000000eab00000,0x00000000eab00000,0x00000000fdb00000)
  from space 9728K, 99% used [0x00000000fdb00000,0x00000000fe471448,0x00000000fe480000)
  to   space 17408K, 0% used [0x00000000fec00000,0x00000000fec00000,0x00000000ffd00000)
 ParOldGen       total 104960K, used 50679K [0x00000000c0000000, 0x00000000c6680000, 0x00000000eab00000)
  object space 104960K, 48% used [0x00000000c0000000,0x00000000c317dc70,0x00000000c6680000)
 Metaspace       used 63298K, capacity 68760K, committed 68864K, reserved 1110016K
  class space    used 8330K, capacity 9175K, committed 9216K, reserved 1048576K
Event: 5404.086 GC heap after
Heap after GC invocations=38 (full 13):
 PSYoungGen      total 321024K, used 0K [0x00000000eab00000, 0x00000000ffd00000, 0x0000000100000000)
  eden space 311296K, 0% used [0x00000000eab00000,0x00000000eab00000,0x00000000fdb00000)
  from space 9728K, 0% used [0x00000000fdb00000,0x00000000fdb00000,0x00000000fe480000)
  to   space 17408K, 0% used [0x00000000fec00000,0x00000000fec00000,0x00000000ffd00000)
 ParOldGen       total 104960K, used 51550K [0x00000000c0000000, 0x00000000c6680000, 0x00000000eab00000)
  object space 104960K, 49% used [0x00000000c0000000,0x00000000c32578d8,0x00000000c6680000)
 Metaspace       used 62761K, capacity 67938K, committed 68864K, reserved 1110016K
  class space    used 8229K, capacity 9024K, committed 9216K, reserved 1048576K
}

