# JRE version: Java(TM) SE Runtime Environment (8.0_65-b17) (build 1.8.0_65-b17)
# Java VM: Java HotSpot(TM) 64-Bit Server VM (25.65-b01 mixed mode windows-amd64 compressed oops)
Heap:
 PSYoungGen      total 110080K, used 84799K [0x00000000eab00000, 0x00000000f4c00000, 0x0000000100000000)
  eden space 100864K, 84% used [0x00000000eab00000,0x00000000efdcff30,0x00000000f0d80000)
  from space 9216K, 0% used [0x00000000f0d80000,0x00000000f0d80000,0x00000000f1680000)
  to   space 13312K, 0% used [0x00000000f3f00000,0x00000000f3f00000,0x00000000f4c00000)
 ParOldGen       total 65536K, used 24078K [0x00000000c0000000, 0x00000000c4000000, 0x00000000eab00000)
  object space 65536K, 36% used [0x00000000c0000000,0x00000000c1783868,0x00000000c4000000)
 Metaspace       used 37592K, capacity 38400K, committed 38528K, reserved 1083392K
  class space    used 5237K, capacity 5449K, committed 5504K, reserved 1048576K
GC Heap History (10 events):
Event: 3.301 GC heap before
{Heap before GC invocations=7 (full 1):
 PSYoungGen      total 73216K, used 6215K [0x00000000eab00000, 0x00000000efc00000, 0x0000000100000000)
  eden space 65024K, 0% used [0x00000000eab00000,0x00000000eab00000,0x00000000eea80000)
  from space 8192K, 75% used [0x00000000ef300000,0x00000000ef911dd0,0x00000000efb00000)
  to   space 8704K, 0% used [0x00000000eea80000,0x00000000eea80000,0x00000000ef300000)
 ParOldGen       total 44032K, used 10082K [0x00000000c0000000, 0x00000000c2b00000, 0x00000000eab00000)
  object space 44032K, 22% used [0x00000000c0000000,0x00000000c09d8b88,0x00000000c2b00000)
 Metaspace       used 20875K, capacity 21228K, committed 21296K, reserved 1067008K
  class space    used 2820K, capacity 2940K, committed 2944K, reserved 1048576K
Event: 3.401 GC heap after
Heap after GC invocations=7 (full 1):
 PSYoungGen      total 73216K, used 0K [0x00000000eab00000, 0x00000000efc00000, 0x0000000100000000)
  eden space 65024K, 0% used [0x00000000eab00000,0x00000000eab00000,0x00000000eea80000)
  from space 8192K, 0% used [0x00000000ef300000,0x00000000ef300000,0x00000000efb00000)
  to   space 8704K, 0% used [0x00000000eea80000,0x00000000eea80000,0x00000000ef300000)
 ParOldGen       total 41472K, used 12119K [0x00000000c0000000, 0x00000000c2880000, 0x00000000eab00000)
  object space 41472K, 29% used [0x00000000c0000000,0x00000000c0bd5f78,0x00000000c2880000)
 Metaspace       used 20875K, capacity 21228K, committed 21296K, reserved 1067008K
  class space    used 2820K, capacity 2940K, committed 2944K, reserved 1048576K
}
Event: 4.732 GC heap before
{Heap before GC invocations=8 (full 1):
 PSYoungGen      total 73216K, used 65024K [0x00000000eab00000, 0x00000000efc00000, 0x0000000100000000)
  eden space 65024K, 100% used [0x00000000eab00000,0x00000000eea80000,0x00000000eea80000)
  from space 8192K, 0% used [0x00000000ef300000,0x00000000ef300000,0x00000000efb00000)
  to   space 8704K, 0% used [0x00000000eea80000,0x00000000eea80000,0x00000000ef300000)
 ParOldGen       total 41472K, used 12119K [0x00000000c0000000, 0x00000000c2880000, 0x00000000eab00000)
  object space 41472K, 29% used [0x00000000c0000000,0x00000000c0bd5f78,0x00000000c2880000)
 Metaspace       used 26628K, capacity 27044K, committed 27392K, reserved 1073152K
  class space    used 3635K, capacity 3761K, committed 3840K, reserved 1048576K
Event: 4.767 GC heap after
Heap after GC invocations=8 (full 1):
 PSYoungGen      total 73728K, used 6390K [0x00000000eab00000, 0x00000000f1f00000, 0x0000000100000000)
  eden space 65024K, 0% used [0x00000000eab00000,0x00000000eab00000,0x00000000eea80000)
  from space 8704K, 73% used [0x00000000eea80000,0x00000000ef0bd820,0x00000000ef300000)
  to   space 8704K, 0% used [0x00000000f1680000,0x00000000f1680000,0x00000000f1f00000)
 ParOldGen       total 41472K, used 12127K [0x00000000c0000000, 0x00000000c2880000, 0x00000000eab00000)
  object space 41472K, 29% used [0x00000000c0000000,0x00000000c0bd7f78,0x00000000c2880000)
 Metaspace       used 26628K, capacity 27044K, committed 27392K, reserved 1073152K
  class space    used 3635K, capacity 3761K, committed 3840K, reserved 1048576K
}
Event: 6.226 GC heap before
{Heap before GC invocations=9 (full 1):
 PSYoungGen      total 73728K, used 71414K [0x00000000eab00000, 0x00000000f1f00000, 0x0000000100000000)
  eden space 65024K, 100% used [0x00000000eab00000,0x00000000eea80000,0x00000000eea80000)
  from space 8704K, 73% used [0x00000000eea80000,0x00000000ef0bd820,0x00000000ef300000)
  to   space 8704K, 0% used [0x00000000f1680000,0x00000000f1680000,0x00000000f1f00000)
 ParOldGen       total 41472K, used 12127K [0x00000000c0000000, 0x00000000c2880000, 0x00000000eab00000)
  object space 41472K, 29% used [0x00000000c0000000,0x00000000c0bd7f78,0x00000000c2880000)
 Metaspace       used 29540K, capacity 30048K, committed 30336K, reserved 1075200K
  class space    used 3997K, capacity 4169K, committed 4224K, reserved 1048576K
Event: 6.273 GC heap after
Heap after GC invocations=9 (full 1):
 PSYoungGen      total 109568K, used 7207K [0x00000000eab00000, 0x00000000f1f80000, 0x0000000100000000)
  eden space 100864K, 0% used [0x00000000eab00000,0x00000000eab00000,0x00000000f0d80000)
  from space 8704K, 82% used [0x00000000f1680000,0x00000000f1d89e40,0x00000000f1f00000)
  to   space 9216K, 0% used [0x00000000f0d80000,0x00000000f0d80000,0x00000000f1680000)
 ParOldGen       total 41472K, used 12199K [0x00000000c0000000, 0x00000000c2880000, 0x00000000eab00000)
  object space 41472K, 29% used [0x00000000c0000000,0x00000000c0be9f88,0x00000000c2880000)
 Metaspace       used 29540K, capacity 30048K, committed 30336K, reserved 1075200K
  class space    used 3997K, capacity 4169K, committed 4224K, reserved 1048576K
}
Event: 7.862 GC heap before
{Heap before GC invocations=10 (full 1):
 PSYoungGen      total 109568K, used 104912K [0x00000000eab00000, 0x00000000f1f80000, 0x0000000100000000)
  eden space 100864K, 96% used [0x00000000eab00000,0x00000000f0a6a248,0x00000000f0d80000)
  from space 8704K, 82% used [0x00000000f1680000,0x00000000f1d89e40,0x00000000f1f00000)
  to   space 9216K, 0% used [0x00000000f0d80000,0x00000000f0d80000,0x00000000f1680000)
 ParOldGen       total 41472K, used 12199K [0x00000000c0000000, 0x00000000c2880000, 0x00000000eab00000)
  object space 41472K, 29% used [0x00000000c0000000,0x00000000c0be9f88,0x00000000c2880000)
 Metaspace       used 34696K, capacity 35362K, committed 35456K, reserved 1079296K
  class space    used 4747K, capacity 4947K, committed 4992K, reserved 1048576K
Event: 7.989 GC heap after
Heap after GC invocations=10 (full 1):
 PSYoungGen      total 110080K, used 9209K [0x00000000eab00000, 0x00000000f4c00000, 0x0000000100000000)
  eden space 100864K, 0% used [0x00000000eab00000,0x00000000eab00000,0x00000000f0d80000)
  from space 9216K, 99% used [0x00000000f0d80000,0x00000000f167e7d0,0x00000000f1680000)
  to   space 13312K, 0% used [0x00000000f3f00000,0x00000000f3f00000,0x00000000f4c00000)
 ParOldGen       total 41472K, used 19536K [0x00000000c0000000, 0x00000000c2880000, 0x00000000eab00000)
  object space 41472K, 47% used [0x00000000c0000000,0x00000000c13140e8,0x00000000c2880000)
 Metaspace       used 34696K, capacity 35362K, committed 35456K, reserved 1079296K
  class space    used 4747K, capacity 4947K, committed 4992K, reserved 1048576K
}
Event: 7.989 GC heap before
{Heap before GC invocations=11 (full 2):
 PSYoungGen      total 110080K, used 9209K [0x00000000eab00000, 0x00000000f4c00000, 0x0000000100000000)
  eden space 100864K, 0% used [0x00000000eab00000,0x00000000eab00000,0x00000000f0d80000)
  from space 9216K, 99% used [0x00000000f0d80000,0x00000000f167e7d0,0x00000000f1680000)
  to   space 13312K, 0% used [0x00000000f3f00000,0x00000000f3f00000,0x00000000f4c00000)
 ParOldGen       total 41472K, used 19536K [0x00000000c0000000, 0x00000000c2880000, 0x00000000eab00000)
  object space 41472K, 47% used [0x00000000c0000000,0x00000000c13140e8,0x00000000c2880000)
 Metaspace       used 34696K, capacity 35362K, committed 35456K, reserved 1079296K
  class space    used 4747K, capacity 4947K, committed 4992K, reserved 1048576K
Event: 8.211 GC heap after
Heap after GC invocations=11 (full 2):
 PSYoungGen      total 110080K, used 0K [0x00000000eab00000, 0x00000000f4c00000, 0x0000000100000000)
  eden space 100864K, 0% used [0x00000000eab00000,0x00000000eab00000,0x00000000f0d80000)
  from space 9216K, 0% used [0x00000000f0d80000,0x00000000f0d80000,0x00000000f1680000)
  to   space 13312K, 0% used [0x00000000f3f00000,0x00000000f3f00000,0x00000000f4c00000)
 ParOldGen       total 65536K, used 24078K [0x00000000c0000000, 0x00000000c4000000, 0x00000000eab00000)
  object space 65536K, 36% used [0x00000000c0000000,0x00000000c1783868,0x00000000c4000000)
 Metaspace       used 34696K, capacity 35362K, committed 35456K, reserved 1079296K
  class space    used 4747K, capacity 4947K, committed 4992K, reserved 1048576K
}

