# JRE version: Java(TM) SE Runtime Environment (8.0_65-b17) (build 1.8.0_65-b17)
# Java VM: Java HotSpot(TM) 64-Bit Server VM (25.65-b01 mixed mode windows-amd64 compressed oops)
Heap:
 PSYoungGen      total 241664K, used 79573K [0x00000000eab00000, 0x00000000ffc00000, 0x0000000100000000)
  eden space 222720K, 27% used [0x00000000eab00000,0x00000000ee747898,0x00000000f8480000)
  from space 18944K, 94% used [0x00000000f8480000,0x00000000f95edea8,0x00000000f9700000)
  to   space 30720K, 0% used [0x00000000fde00000,0x00000000fde00000,0x00000000ffc00000)
 ParOldGen       total 124416K, used 62077K [0x00000000c0000000, 0x00000000c7980000, 0x00000000eab00000)
  object space 124416K, 49% used [0x00000000c0000000,0x00000000c3c9f5f0,0x00000000c7980000)
 Metaspace       used 52723K, capacity 54776K, committed 54912K, reserved 1095680K
  class space    used 7161K, capacity 7686K, committed 7808K, reserved 1048576K
GC Heap History (10 events):
Event: 14.772 GC heap before
{Heap before GC invocations=13 (full 2):
 PSYoungGen      total 238080K, used 73705K [0x00000000eab00000, 0x00000000fac00000, 0x0000000100000000)
  eden space 222208K, 26% used [0x00000000eab00000,0x00000000ee37e520,0x00000000f8400000)
  from space 15872K, 99% used [0x00000000f9a00000,0x00000000fa97bf38,0x00000000fa980000)
  to   space 20480K, 0% used [0x00000000f8400000,0x00000000f8400000,0x00000000f9800000)
 ParOldGen       total 61440K, used 25951K [0x00000000c0000000, 0x00000000c3c00000, 0x00000000eab00000)
  object space 61440K, 42% used [0x00000000c0000000,0x00000000c1957cb0,0x00000000c3c00000)
 Metaspace       used 42875K, capacity 44480K, committed 44544K, reserved 1087488K
  class space    used 5956K, capacity 6380K, committed 6400K, reserved 1048576K
Event: 14.895 GC heap after
Heap after GC invocations=13 (full 2):
 PSYoungGen      total 227840K, used 5281K [0x00000000eab00000, 0x00000000faa00000, 0x0000000100000000)
  eden space 222208K, 0% used [0x00000000eab00000,0x00000000eab00000,0x00000000f8400000)
  from space 5632K, 93% used [0x00000000f8400000,0x00000000f89286d8,0x00000000f8980000)
  to   space 19456K, 0% used [0x00000000f9700000,0x00000000f9700000,0x00000000faa00000)
 ParOldGen       total 61440K, used 41798K [0x00000000c0000000, 0x00000000c3c00000, 0x00000000eab00000)
  object space 61440K, 68% used [0x00000000c0000000,0x00000000c28d18d8,0x00000000c3c00000)
 Metaspace       used 42875K, capacity 44480K, committed 44544K, reserved 1087488K
  class space    used 5956K, capacity 6380K, committed 6400K, reserved 1048576K
}
Event: 14.895 GC heap before
{Heap before GC invocations=14 (full 3):
 PSYoungGen      total 227840K, used 5281K [0x00000000eab00000, 0x00000000faa00000, 0x0000000100000000)
  eden space 222208K, 0% used [0x00000000eab00000,0x00000000eab00000,0x00000000f8400000)
  from space 5632K, 93% used [0x00000000f8400000,0x00000000f89286d8,0x00000000f8980000)
  to   space 19456K, 0% used [0x00000000f9700000,0x00000000f9700000,0x00000000faa00000)
 ParOldGen       total 61440K, used 41798K [0x00000000c0000000, 0x00000000c3c00000, 0x00000000eab00000)
  object space 61440K, 68% used [0x00000000c0000000,0x00000000c28d18d8,0x00000000c3c00000)
 Metaspace       used 42875K, capacity 44480K, committed 44544K, reserved 1087488K
  class space    used 5956K, capacity 6380K, committed 6400K, reserved 1048576K
Event: 15.293 GC heap after
Heap after GC invocations=14 (full 3):
 PSYoungGen      total 227840K, used 0K [0x00000000eab00000, 0x00000000faa00000, 0x0000000100000000)
  eden space 222208K, 0% used [0x00000000eab00000,0x00000000eab00000,0x00000000f8400000)
  from space 5632K, 0% used [0x00000000f8400000,0x00000000f8400000,0x00000000f8980000)
  to   space 19456K, 0% used [0x00000000f9700000,0x00000000f9700000,0x00000000faa00000)
 ParOldGen       total 61440K, used 38419K [0x00000000c0000000, 0x00000000c3c00000, 0x00000000eab00000)
  object space 61440K, 62% used [0x00000000c0000000,0x00000000c2584dd8,0x00000000c3c00000)
 Metaspace       used 42875K, capacity 44480K, committed 44544K, reserved 1087488K
  class space    used 5956K, capacity 6380K, committed 6400K, reserved 1048576K
}
Event: 732.856 GC heap before
{Heap before GC invocations=15 (full 3):
 PSYoungGen      total 227840K, used 222208K [0x00000000eab00000, 0x00000000faa00000, 0x0000000100000000)
  eden space 222208K, 100% used [0x00000000eab00000,0x00000000f8400000,0x00000000f8400000)
  from space 5632K, 0% used [0x00000000f8400000,0x00000000f8400000,0x00000000f8980000)
  to   space 19456K, 0% used [0x00000000f9700000,0x00000000f9700000,0x00000000faa00000)
 ParOldGen       total 61440K, used 38419K [0x00000000c0000000, 0x00000000c3c00000, 0x00000000eab00000)
  object space 61440K, 62% used [0x00000000c0000000,0x00000000c2584dd8,0x00000000c3c00000)
 Metaspace       used 45737K, capacity 47742K, committed 47872K, reserved 1089536K
  class space    used 6299K, capacity 6813K, committed 6912K, reserved 1048576K
Event: 732.884 GC heap after
Heap after GC invocations=15 (full 3):
 PSYoungGen      total 242176K, used 9469K [0x00000000eab00000, 0x00000000fe500000, 0x0000000100000000)
  eden space 222720K, 0% used [0x00000000eab00000,0x00000000eab00000,0x00000000f8480000)
  from space 19456K, 48% used [0x00000000f9700000,0x00000000fa03f590,0x00000000faa00000)
  to   space 18944K, 0% used [0x00000000f8480000,0x00000000f8480000,0x00000000f9700000)
 ParOldGen       total 61440K, used 38427K [0x00000000c0000000, 0x00000000c3c00000, 0x00000000eab00000)
  object space 61440K, 62% used [0x00000000c0000000,0x00000000c2586dd8,0x00000000c3c00000)
 Metaspace       used 45737K, capacity 47742K, committed 47872K, reserved 1089536K
  class space    used 6299K, capacity 6813K, committed 6912K, reserved 1048576K
}
Event: 739.224 GC heap before
{Heap before GC invocations=16 (full 3):
 PSYoungGen      total 242176K, used 232189K [0x00000000eab00000, 0x00000000fe500000, 0x0000000100000000)
  eden space 222720K, 100% used [0x00000000eab00000,0x00000000f8480000,0x00000000f8480000)
  from space 19456K, 48% used [0x00000000f9700000,0x00000000fa03f590,0x00000000faa00000)
  to   space 18944K, 0% used [0x00000000f8480000,0x00000000f8480000,0x00000000f9700000)
 ParOldGen       total 61440K, used 38427K [0x00000000c0000000, 0x00000000c3c00000, 0x00000000eab00000)
  object space 61440K, 62% used [0x00000000c0000000,0x00000000c2586dd8,0x00000000c3c00000)
 Metaspace       used 52283K, capacity 54392K, committed 54528K, reserved 1095680K
  class space    used 7090K, capacity 7622K, committed 7680K, reserved 1048576K
Event: 739.352 GC heap after
Heap after GC invocations=16 (full 3):
 PSYoungGen      total 241664K, used 18940K [0x00000000eab00000, 0x00000000ffc00000, 0x0000000100000000)
  eden space 222720K, 0% used [0x00000000eab00000,0x00000000eab00000,0x00000000f8480000)
  from space 18944K, 99% used [0x00000000f8480000,0x00000000f96ff238,0x00000000f9700000)
  to   space 30720K, 0% used [0x00000000fde00000,0x00000000fde00000,0x00000000ffc00000)
 ParOldGen       total 62464K, used 62152K [0x00000000c0000000, 0x00000000c3d00000, 0x00000000eab00000)
  object space 62464K, 99% used [0x00000000c0000000,0x00000000c3cb23a8,0x00000000c3d00000)
 Metaspace       used 52283K, capacity 54392K, committed 54528K, reserved 1095680K
  class space    used 7090K, capacity 7622K, committed 7680K, reserved 1048576K
}
Event: 739.352 GC heap before
{Heap before GC invocations=17 (full 4):
 PSYoungGen      total 241664K, used 18940K [0x00000000eab00000, 0x00000000ffc00000, 0x0000000100000000)
  eden space 222720K, 0% used [0x00000000eab00000,0x00000000eab00000,0x00000000f8480000)
  from space 18944K, 99% used [0x00000000f8480000,0x00000000f96ff238,0x00000000f9700000)
  to   space 30720K, 0% used [0x00000000fde00000,0x00000000fde00000,0x00000000ffc00000)
 ParOldGen       total 62464K, used 62152K [0x00000000c0000000, 0x00000000c3d00000, 0x00000000eab00000)
  object space 62464K, 99% used [0x00000000c0000000,0x00000000c3cb23a8,0x00000000c3d00000)
 Metaspace       used 52283K, capacity 54392K, committed 54528K, reserved 1095680K
  class space    used 7090K, capacity 7622K, committed 7680K, reserved 1048576K
Event: 740.325 GC heap after
Heap after GC invocations=17 (full 4):
 PSYoungGen      total 241664K, used 17847K [0x00000000eab00000, 0x00000000ffc00000, 0x0000000100000000)
  eden space 222720K, 0% used [0x00000000eab00000,0x00000000eab00000,0x00000000f8480000)
  from space 18944K, 94% used [0x00000000f8480000,0x00000000f95edea8,0x00000000f9700000)
  to   space 30720K, 0% used [0x00000000fde00000,0x00000000fde00000,0x00000000ffc00000)
 ParOldGen       total 124416K, used 62077K [0x00000000c0000000, 0x00000000c7980000, 0x00000000eab00000)
  object space 124416K, 49% used [0x00000000c0000000,0x00000000c3c9f5f0,0x00000000c7980000)
 Metaspace       used 52283K, capacity 54392K, committed 54528K, reserved 1095680K
  class space    used 7090K, capacity 7622K, committed 7680K, reserved 1048576K
}

