# JRE version: Java(TM) SE Runtime Environment (8.0_65-b17) (build 1.8.0_65-b17)
# Java VM: Java HotSpot(TM) 64-Bit Server VM (25.65-b01 mixed mode windows-amd64 compressed oops)
Heap:
 PSYoungGen      total 191488K, used 81009K [0x00000000eab00000, 0x00000000fa780000, 0x0000000100000000)
  eden space 172544K, 46% used [0x00000000eab00000,0x00000000efa1c4d0,0x00000000f5380000)
  from space 18944K, 0% used [0x00000000f7480000,0x00000000f7480000,0x00000000f8700000)
  to   space 33792K, 0% used [0x00000000f5380000,0x00000000f5380000,0x00000000f7480000)
 ParOldGen       total 133120K, used 65095K [0x00000000c0000000, 0x00000000c8200000, 0x00000000eab00000)
  object space 133120K, 48% used [0x00000000c0000000,0x00000000c3f91f50,0x00000000c8200000)
 Metaspace       used 45666K, capacity 46752K, committed 47104K, reserved 1089536K
  class space    used 6238K, capacity 6541K, committed 6656K, reserved 1048576K
GC Heap History (10 events):
Event: 7.782 GC heap before
{Heap before GC invocations=9 (full 1):
 PSYoungGen      total 137728K, used 73471K [0x00000000eab00000, 0x00000000f5500000, 0x0000000100000000)
  eden space 128000K, 49% used [0x00000000eab00000,0x00000000ee947780,0x00000000f2800000)
  from space 9728K, 99% used [0x00000000f2800000,0x00000000f3178628,0x00000000f3180000)
  to   space 11776K, 0% used [0x00000000f4980000,0x00000000f4980000,0x00000000f5500000)
 ParOldGen       total 43520K, used 14052K [0x00000000c0000000, 0x00000000c2a80000, 0x00000000eab00000)
  object space 43520K, 32% used [0x00000000c0000000,0x00000000c0db9200,0x00000000c2a80000)
 Metaspace       used 34697K, capacity 35346K, committed 35456K, reserved 1079296K
  class space    used 4748K, capacity 4947K, committed 4992K, reserved 1048576K
Event: 7.820 GC heap after
Heap after GC invocations=9 (full 1):
 PSYoungGen      total 159232K, used 11757K [0x00000000eab00000, 0x00000000f8680000, 0x0000000100000000)
  eden space 147456K, 0% used [0x00000000eab00000,0x00000000eab00000,0x00000000f3b00000)
  from space 11776K, 99% used [0x00000000f4980000,0x00000000f54fb7f0,0x00000000f5500000)
  to   space 14848K, 0% used [0x00000000f3b00000,0x00000000f3b00000,0x00000000f4980000)
 ParOldGen       total 43520K, used 17232K [0x00000000c0000000, 0x00000000c2a80000, 0x00000000eab00000)
  object space 43520K, 39% used [0x00000000c0000000,0x00000000c10d4348,0x00000000c2a80000)
 Metaspace       used 34697K, capacity 35346K, committed 35456K, reserved 1079296K
  class space    used 4748K, capacity 4947K, committed 4992K, reserved 1048576K
}
Event: 7.820 GC heap before
{Heap before GC invocations=10 (full 2):
 PSYoungGen      total 159232K, used 11757K [0x00000000eab00000, 0x00000000f8680000, 0x0000000100000000)
  eden space 147456K, 0% used [0x00000000eab00000,0x00000000eab00000,0x00000000f3b00000)
  from space 11776K, 99% used [0x00000000f4980000,0x00000000f54fb7f0,0x00000000f5500000)
  to   space 14848K, 0% used [0x00000000f3b00000,0x00000000f3b00000,0x00000000f4980000)
 ParOldGen       total 43520K, used 17232K [0x00000000c0000000, 0x00000000c2a80000, 0x00000000eab00000)
  object space 43520K, 39% used [0x00000000c0000000,0x00000000c10d4348,0x00000000c2a80000)
 Metaspace       used 34697K, capacity 35346K, committed 35456K, reserved 1079296K
  class space    used 4748K, capacity 4947K, committed 4992K, reserved 1048576K
Event: 8.001 GC heap after
Heap after GC invocations=10 (full 2):
 PSYoungGen      total 159232K, used 0K [0x00000000eab00000, 0x00000000f8680000, 0x0000000100000000)
  eden space 147456K, 0% used [0x00000000eab00000,0x00000000eab00000,0x00000000f3b00000)
  from space 11776K, 0% used [0x00000000f4980000,0x00000000f4980000,0x00000000f5500000)
  to   space 14848K, 0% used [0x00000000f3b00000,0x00000000f3b00000,0x00000000f4980000)
 ParOldGen       total 66560K, used 22609K [0x00000000c0000000, 0x00000000c4100000, 0x00000000eab00000)
  object space 66560K, 33% used [0x00000000c0000000,0x00000000c1614478,0x00000000c4100000)
 Metaspace       used 34697K, capacity 35346K, committed 35456K, reserved 1079296K
  class space    used 4748K, capacity 4947K, committed 4992K, reserved 1048576K
}
Event: 12.015 GC heap before
{Heap before GC invocations=11 (full 2):
 PSYoungGen      total 159232K, used 147230K [0x00000000eab00000, 0x00000000f8680000, 0x0000000100000000)
  eden space 147456K, 99% used [0x00000000eab00000,0x00000000f3ac7ab0,0x00000000f3b00000)
  from space 11776K, 0% used [0x00000000f4980000,0x00000000f4980000,0x00000000f5500000)
  to   space 14848K, 0% used [0x00000000f3b00000,0x00000000f3b00000,0x00000000f4980000)
 ParOldGen       total 66560K, used 22609K [0x00000000c0000000, 0x00000000c4100000, 0x00000000eab00000)
  object space 66560K, 33% used [0x00000000c0000000,0x00000000c1614478,0x00000000c4100000)
 Metaspace       used 42836K, capacity 43900K, committed 44032K, reserved 1087488K
  class space    used 5939K, capacity 6279K, committed 6400K, reserved 1048576K
Event: 12.063 GC heap after
Heap after GC invocations=11 (full 2):
 PSYoungGen      total 162304K, used 14829K [0x00000000eab00000, 0x00000000f8700000, 0x0000000100000000)
  eden space 147456K, 0% used [0x00000000eab00000,0x00000000eab00000,0x00000000f3b00000)
  from space 14848K, 99% used [0x00000000f3b00000,0x00000000f497b568,0x00000000f4980000)
  to   space 18944K, 0% used [0x00000000f7480000,0x00000000f7480000,0x00000000f8700000)
 ParOldGen       total 66560K, used 26929K [0x00000000c0000000, 0x00000000c4100000, 0x00000000eab00000)
  object space 66560K, 40% used [0x00000000c0000000,0x00000000c1a4c410,0x00000000c4100000)
 Metaspace       used 42836K, capacity 43900K, committed 44032K, reserved 1087488K
  class space    used 5939K, capacity 6279K, committed 6400K, reserved 1048576K
}
Event: 15.580 GC heap before
{Heap before GC invocations=12 (full 2):
 PSYoungGen      total 162304K, used 162285K [0x00000000eab00000, 0x00000000f8700000, 0x0000000100000000)
  eden space 147456K, 100% used [0x00000000eab00000,0x00000000f3b00000,0x00000000f3b00000)
  from space 14848K, 99% used [0x00000000f3b00000,0x00000000f497b568,0x00000000f4980000)
  to   space 18944K, 0% used [0x00000000f7480000,0x00000000f7480000,0x00000000f8700000)
 ParOldGen       total 66560K, used 26929K [0x00000000c0000000, 0x00000000c4100000, 0x00000000eab00000)
  object space 66560K, 40% used [0x00000000c0000000,0x00000000c1a4c410,0x00000000c4100000)
 Metaspace       used 45525K, capacity 46592K, committed 46720K, reserved 1089536K
  class space    used 6222K, capacity 6509K, committed 6528K, reserved 1048576K
Event: 15.751 GC heap after
Heap after GC invocations=12 (full 2):
 PSYoungGen      total 191488K, used 18928K [0x00000000eab00000, 0x00000000fa780000, 0x0000000100000000)
  eden space 172544K, 0% used [0x00000000eab00000,0x00000000eab00000,0x00000000f5380000)
  from space 18944K, 99% used [0x00000000f7480000,0x00000000f86fc2e0,0x00000000f8700000)
  to   space 33792K, 0% used [0x00000000f5380000,0x00000000f5380000,0x00000000f7480000)
 ParOldGen       total 66560K, used 58953K [0x00000000c0000000, 0x00000000c4100000, 0x00000000eab00000)
  object space 66560K, 88% used [0x00000000c0000000,0x00000000c3992510,0x00000000c4100000)
 Metaspace       used 45525K, capacity 46592K, committed 46720K, reserved 1089536K
  class space    used 6222K, capacity 6509K, committed 6528K, reserved 1048576K
}
Event: 15.751 GC heap before
{Heap before GC invocations=13 (full 3):
 PSYoungGen      total 191488K, used 18928K [0x00000000eab00000, 0x00000000fa780000, 0x0000000100000000)
  eden space 172544K, 0% used [0x00000000eab00000,0x00000000eab00000,0x00000000f5380000)
  from space 18944K, 99% used [0x00000000f7480000,0x00000000f86fc2e0,0x00000000f8700000)
  to   space 33792K, 0% used [0x00000000f5380000,0x00000000f5380000,0x00000000f7480000)
 ParOldGen       total 66560K, used 58953K [0x00000000c0000000, 0x00000000c4100000, 0x00000000eab00000)
  object space 66560K, 88% used [0x00000000c0000000,0x00000000c3992510,0x00000000c4100000)
 Metaspace       used 45525K, capacity 46592K, committed 46720K, reserved 1089536K
  class space    used 6222K, capacity 6509K, committed 6528K, reserved 1048576K
Event: 16.261 GC heap after
Heap after GC invocations=13 (full 3):
 PSYoungGen      total 191488K, used 0K [0x00000000eab00000, 0x00000000fa780000, 0x0000000100000000)
  eden space 172544K, 0% used [0x00000000eab00000,0x00000000eab00000,0x00000000f5380000)
  from space 18944K, 0% used [0x00000000f7480000,0x00000000f7480000,0x00000000f8700000)
  to   space 33792K, 0% used [0x00000000f5380000,0x00000000f5380000,0x00000000f7480000)
 ParOldGen       total 133120K, used 65095K [0x00000000c0000000, 0x00000000c8200000, 0x00000000eab00000)
  object space 133120K, 48% used [0x00000000c0000000,0x00000000c3f91f50,0x00000000c8200000)
 Metaspace       used 45525K, capacity 46592K, committed 46720K, reserved 1089536K
  class space    used 6222K, capacity 6509K, committed 6528K, reserved 1048576K
}

