# JRE version: Java(TM) SE Runtime Environment (8.0_65-b17) (build 1.8.0_65-b17)
# Java VM: Java HotSpot(TM) 64-Bit Server VM (25.65-b01 mixed mode windows-amd64 compressed oops)
Heap:
 PSYoungGen      total 271360K, used 96587K [0x00000000eab00000, 0x00000000fc180000, 0x0000000100000000)
  eden space 258560K, 37% used [0x00000000eab00000,0x00000000f0952c40,0x00000000fa780000)
  from space 12800K, 0% used [0x00000000fb500000,0x00000000fb500000,0x00000000fc180000)
  to   space 13312K, 0% used [0x00000000fa780000,0x00000000fa780000,0x00000000fb480000)
 ParOldGen       total 57856K, used 42505K [0x00000000c0000000, 0x00000000c3880000, 0x00000000eab00000)
  object space 57856K, 73% used [0x00000000c0000000,0x00000000c2982760,0x00000000c3880000)
 Metaspace       used 52976K, capacity 56270K, committed 56576K, reserved 1097728K
  class space    used 7185K, capacity 7818K, committed 7936K, reserved 1048576K
GC Heap History (10 events):
Event: 3587.325 GC heap before
{Heap before GC invocations=20 (full 4):
 PSYoungGen      total 212992K, used 198144K [0x00000000eab00000, 0x00000000fc780000, 0x0000000100000000)
  eden space 198144K, 100% used [0x00000000eab00000,0x00000000f6c80000,0x00000000f6c80000)
  from space 14848K, 0% used [0x00000000f6c80000,0x00000000f6c80000,0x00000000f7b00000)
  to   space 14336K, 0% used [0x00000000fb980000,0x00000000fb980000,0x00000000fc780000)
 ParOldGen       total 57856K, used 37807K [0x00000000c0000000, 0x00000000c3880000, 0x00000000eab00000)
  object space 57856K, 65% used [0x00000000c0000000,0x00000000c24ebf68,0x00000000c3880000)
 Metaspace       used 47773K, capacity 50252K, committed 50432K, reserved 1093632K
  class space    used 6519K, capacity 7072K, committed 7168K, reserved 1048576K
Event: 3587.350 GC heap after
Heap after GC invocations=20 (full 4):
 PSYoungGen      total 267776K, used 2736K [0x00000000eab00000, 0x00000000fc280000, 0x0000000100000000)
  eden space 258560K, 0% used [0x00000000eab00000,0x00000000eab00000,0x00000000fa780000)
  from space 9216K, 29% used [0x00000000fb980000,0x00000000fbc2c030,0x00000000fc280000)
  to   space 13824K, 0% used [0x00000000fa780000,0x00000000fa780000,0x00000000fb500000)
 ParOldGen       total 57856K, used 37815K [0x00000000c0000000, 0x00000000c3880000, 0x00000000eab00000)
  object space 57856K, 65% used [0x00000000c0000000,0x00000000c24edf68,0x00000000c3880000)
 Metaspace       used 47773K, capacity 50252K, committed 50432K, reserved 1093632K
  class space    used 6519K, capacity 7072K, committed 7168K, reserved 1048576K
}
Event: 3588.502 GC heap before
{Heap before GC invocations=21 (full 4):
 PSYoungGen      total 267776K, used 77108K [0x00000000eab00000, 0x00000000fc280000, 0x0000000100000000)
  eden space 258560K, 28% used [0x00000000eab00000,0x00000000ef3a1378,0x00000000fa780000)
  from space 9216K, 29% used [0x00000000fb980000,0x00000000fbc2c030,0x00000000fc280000)
  to   space 13824K, 0% used [0x00000000fa780000,0x00000000fa780000,0x00000000fb500000)
 ParOldGen       total 57856K, used 37815K [0x00000000c0000000, 0x00000000c3880000, 0x00000000eab00000)
  object space 57856K, 65% used [0x00000000c0000000,0x00000000c24edf68,0x00000000c3880000)
 Metaspace       used 48401K, capacity 51064K, committed 51328K, reserved 1093632K
  class space    used 6605K, capacity 7198K, committed 7296K, reserved 1048576K
Event: 3588.572 GC heap after
Heap after GC invocations=21 (full 4):
 PSYoungGen      total 272384K, used 4065K [0x00000000eab00000, 0x00000000fc280000, 0x0000000100000000)
  eden space 258560K, 0% used [0x00000000eab00000,0x00000000eab00000,0x00000000fa780000)
  from space 13824K, 29% used [0x00000000fa780000,0x00000000fab78600,0x00000000fb500000)
  to   space 13824K, 0% used [0x00000000fb500000,0x00000000fb500000,0x00000000fc280000)
 ParOldGen       total 57856K, used 39136K [0x00000000c0000000, 0x00000000c3880000, 0x00000000eab00000)
  object space 57856K, 67% used [0x00000000c0000000,0x00000000c26380b8,0x00000000c3880000)
 Metaspace       used 48401K, capacity 51064K, committed 51328K, reserved 1093632K
  class space    used 6605K, capacity 7198K, committed 7296K, reserved 1048576K
}
Event: 3588.572 GC heap before
{Heap before GC invocations=22 (full 5):
 PSYoungGen      total 272384K, used 4065K [0x00000000eab00000, 0x00000000fc280000, 0x0000000100000000)
  eden space 258560K, 0% used [0x00000000eab00000,0x00000000eab00000,0x00000000fa780000)
  from space 13824K, 29% used [0x00000000fa780000,0x00000000fab78600,0x00000000fb500000)
  to   space 13824K, 0% used [0x00000000fb500000,0x00000000fb500000,0x00000000fc280000)
 ParOldGen       total 57856K, used 39136K [0x00000000c0000000, 0x00000000c3880000, 0x00000000eab00000)
  object space 57856K, 67% used [0x00000000c0000000,0x00000000c26380b8,0x00000000c3880000)
 Metaspace       used 48401K, capacity 51064K, committed 51328K, reserved 1093632K
  class space    used 6605K, capacity 7198K, committed 7296K, reserved 1048576K
Event: 3589.066 GC heap after
Heap after GC invocations=22 (full 5):
 PSYoungGen      total 272384K, used 0K [0x00000000eab00000, 0x00000000fc280000, 0x0000000100000000)
  eden space 258560K, 0% used [0x00000000eab00000,0x00000000eab00000,0x00000000fa780000)
  from space 13824K, 0% used [0x00000000fa780000,0x00000000fa780000,0x00000000fb500000)
  to   space 13824K, 0% used [0x00000000fb500000,0x00000000fb500000,0x00000000fc280000)
 ParOldGen       total 57856K, used 36879K [0x00000000c0000000, 0x00000000c3880000, 0x00000000eab00000)
  object space 57856K, 63% used [0x00000000c0000000,0x00000000c2403e08,0x00000000c3880000)
 Metaspace       used 47654K, capacity 50058K, committed 51328K, reserved 1093632K
  class space    used 6468K, capacity 6980K, committed 7296K, reserved 1048576K
}
Event: 4354.526 GC heap before
{Heap before GC invocations=23 (full 5):
 PSYoungGen      total 272384K, used 225036K [0x00000000eab00000, 0x00000000fc280000, 0x0000000100000000)
  eden space 258560K, 87% used [0x00000000eab00000,0x00000000f86c31d8,0x00000000fa780000)
  from space 13824K, 0% used [0x00000000fa780000,0x00000000fa780000,0x00000000fb500000)
  to   space 13824K, 0% used [0x00000000fb500000,0x00000000fb500000,0x00000000fc280000)
 ParOldGen       total 57856K, used 36879K [0x00000000c0000000, 0x00000000c3880000, 0x00000000eab00000)
  object space 57856K, 63% used [0x00000000c0000000,0x00000000c2403e08,0x00000000c3880000)
 Metaspace       used 52457K, capacity 55270K, committed 55424K, reserved 1097728K
  class space    used 7097K, capacity 7681K, committed 7808K, reserved 1048576K
Event: 4354.637 GC heap after
Heap after GC invocations=23 (full 5):
 PSYoungGen      total 271360K, used 6703K [0x00000000eab00000, 0x00000000fc180000, 0x0000000100000000)
  eden space 258560K, 0% used [0x00000000eab00000,0x00000000eab00000,0x00000000fa780000)
  from space 12800K, 52% used [0x00000000fb500000,0x00000000fbb8be40,0x00000000fc180000)
  to   space 13312K, 0% used [0x00000000fa780000,0x00000000fa780000,0x00000000fb480000)
 ParOldGen       total 57856K, used 36887K [0x00000000c0000000, 0x00000000c3880000, 0x00000000eab00000)
  object space 57856K, 63% used [0x00000000c0000000,0x00000000c2405e08,0x00000000c3880000)
 Metaspace       used 52457K, capacity 55270K, committed 55424K, reserved 1097728K
  class space    used 7097K, capacity 7681K, committed 7808K, reserved 1048576K
}
Event: 4354.637 GC heap before
{Heap before GC invocations=24 (full 6):
 PSYoungGen      total 271360K, used 6703K [0x00000000eab00000, 0x00000000fc180000, 0x0000000100000000)
  eden space 258560K, 0% used [0x00000000eab00000,0x00000000eab00000,0x00000000fa780000)
  from space 12800K, 52% used [0x00000000fb500000,0x00000000fbb8be40,0x00000000fc180000)
  to   space 13312K, 0% used [0x00000000fa780000,0x00000000fa780000,0x00000000fb480000)
 ParOldGen       total 57856K, used 36887K [0x00000000c0000000, 0x00000000c3880000, 0x00000000eab00000)
  object space 57856K, 63% used [0x00000000c0000000,0x00000000c2405e08,0x00000000c3880000)
 Metaspace       used 52457K, capacity 55270K, committed 55424K, reserved 1097728K
  class space    used 7097K, capacity 7681K, committed 7808K, reserved 1048576K
Event: 4355.259 GC heap after
Heap after GC invocations=24 (full 6):
 PSYoungGen      total 271360K, used 0K [0x00000000eab00000, 0x00000000fc180000, 0x0000000100000000)
  eden space 258560K, 0% used [0x00000000eab00000,0x00000000eab00000,0x00000000fa780000)
  from space 12800K, 0% used [0x00000000fb500000,0x00000000fb500000,0x00000000fc180000)
  to   space 13312K, 0% used [0x00000000fa780000,0x00000000fa780000,0x00000000fb480000)
 ParOldGen       total 57856K, used 42505K [0x00000000c0000000, 0x00000000c3880000, 0x00000000eab00000)
  object space 57856K, 73% used [0x00000000c0000000,0x00000000c2982760,0x00000000c3880000)
 Metaspace       used 52457K, capacity 55270K, committed 55424K, reserved 1097728K
  class space    used 7097K, capacity 7681K, committed 7808K, reserved 1048576K
}

