# JRE version: Java(TM) SE Runtime Environment (8.0_65-b17) (build 1.8.0_65-b17)
# Java VM: Java HotSpot(TM) 64-Bit Server VM (25.65-b01 mixed mode windows-amd64 compressed oops)
Heap:
 PSYoungGen      total 311296K, used 145001K [0x00000000eab00000, 0x0000000100000000, 0x0000000100000000)
  eden space 287744K, 42% used [0x00000000eab00000,0x00000000f219bf20,0x00000000fc400000)
  from space 23552K, 99% used [0x00000000fe780000,0x00000000ffe7e7d0,0x00000000ffe80000)
  to   space 30720K, 0% used [0x00000000fc400000,0x00000000fc400000,0x00000000fe200000)
 ParOldGen       total 98816K, used 59424K [0x00000000c0000000, 0x00000000c6080000, 0x00000000eab00000)
  object space 98816K, 60% used [0x00000000c0000000,0x00000000c3a08270,0x00000000c6080000)
 Metaspace       used 61315K, capacity 64524K, committed 64640K, reserved 1105920K
  class space    used 8093K, capacity 8785K, committed 8832K, reserved 1048576K
GC Heap History (10 events):
Event: 2717.439 GC heap before
{Heap before GC invocations=21 (full 5):
 PSYoungGen      total 324096K, used 33641K [0x00000000eab00000, 0x0000000100000000, 0x0000000100000000)
  eden space 299008K, 11% used [0x00000000eab00000,0x00000000ecbda798,0x00000000fcf00000)
  from space 25088K, 0% used [0x00000000fcf00000,0x00000000fcf00000,0x00000000fe780000)
  to   space 23552K, 0% used [0x00000000fe900000,0x00000000fe900000,0x0000000100000000)
 ParOldGen       total 98816K, used 48925K [0x00000000c0000000, 0x00000000c6080000, 0x00000000eab00000)
  object space 98816K, 49% used [0x00000000c0000000,0x00000000c2fc7590,0x00000000c6080000)
 Metaspace       used 54498K, capacity 56542K, committed 57216K, reserved 1099776K
  class space    used 7189K, capacity 7615K, committed 7808K, reserved 1048576K
Event: 2717.466 GC heap after
Heap after GC invocations=21 (full 5):
 PSYoungGen      total 322560K, used 192K [0x00000000eab00000, 0x00000000ffe80000, 0x0000000100000000)
  eden space 300544K, 0% used [0x00000000eab00000,0x00000000eab00000,0x00000000fd080000)
  from space 22016K, 0% used [0x00000000fe900000,0x00000000fe930000,0x00000000ffe80000)
  to   space 23552K, 0% used [0x00000000fd080000,0x00000000fd080000,0x00000000fe780000)
 ParOldGen       total 98816K, used 48925K [0x00000000c0000000, 0x00000000c6080000, 0x00000000eab00000)
  object space 98816K, 49% used [0x00000000c0000000,0x00000000c2fc7590,0x00000000c6080000)
 Metaspace       used 54498K, capacity 56542K, committed 57216K, reserved 1099776K
  class space    used 7189K, capacity 7615K, committed 7808K, reserved 1048576K
}
Event: 2717.466 GC heap before
{Heap before GC invocations=22 (full 6):
 PSYoungGen      total 322560K, used 192K [0x00000000eab00000, 0x00000000ffe80000, 0x0000000100000000)
  eden space 300544K, 0% used [0x00000000eab00000,0x00000000eab00000,0x00000000fd080000)
  from space 22016K, 0% used [0x00000000fe900000,0x00000000fe930000,0x00000000ffe80000)
  to   space 23552K, 0% used [0x00000000fd080000,0x00000000fd080000,0x00000000fe780000)
 ParOldGen       total 98816K, used 48925K [0x00000000c0000000, 0x00000000c6080000, 0x00000000eab00000)
  object space 98816K, 49% used [0x00000000c0000000,0x00000000c2fc7590,0x00000000c6080000)
 Metaspace       used 54498K, capacity 56542K, committed 57216K, reserved 1099776K
  class space    used 7189K, capacity 7615K, committed 7808K, reserved 1048576K
Event: 2718.215 GC heap after
Heap after GC invocations=22 (full 6):
 PSYoungGen      total 322560K, used 0K [0x00000000eab00000, 0x00000000ffe80000, 0x0000000100000000)
  eden space 300544K, 0% used [0x00000000eab00000,0x00000000eab00000,0x00000000fd080000)
  from space 22016K, 0% used [0x00000000fe900000,0x00000000fe900000,0x00000000ffe80000)
  to   space 23552K, 0% used [0x00000000fd080000,0x00000000fd080000,0x00000000fe780000)
 ParOldGen       total 98816K, used 45510K [0x00000000c0000000, 0x00000000c6080000, 0x00000000eab00000)
  object space 98816K, 46% used [0x00000000c0000000,0x00000000c2c718c0,0x00000000c6080000)
 Metaspace       used 54498K, capacity 56542K, committed 57216K, reserved 1099776K
  class space    used 7189K, capacity 7615K, committed 7808K, reserved 1048576K
}
Event: 2918.096 GC heap before
{Heap before GC invocations=23 (full 6):
 PSYoungGen      total 322560K, used 248100K [0x00000000eab00000, 0x00000000ffe80000, 0x0000000100000000)
  eden space 300544K, 82% used [0x00000000eab00000,0x00000000f9d49250,0x00000000fd080000)
  from space 22016K, 0% used [0x00000000fe900000,0x00000000fe900000,0x00000000ffe80000)
  to   space 23552K, 0% used [0x00000000fd080000,0x00000000fd080000,0x00000000fe780000)
 ParOldGen       total 98816K, used 45510K [0x00000000c0000000, 0x00000000c6080000, 0x00000000eab00000)
  object space 98816K, 46% used [0x00000000c0000000,0x00000000c2c718c0,0x00000000c6080000)
 Metaspace       used 59613K, capacity 62628K, committed 62976K, reserved 1103872K
  class space    used 7882K, capacity 8588K, committed 8704K, reserved 1048576K
Event: 2918.142 GC heap after
Heap after GC invocations=23 (full 6):
 PSYoungGen      total 324096K, used 12309K [0x00000000eab00000, 0x00000000ffe80000, 0x0000000100000000)
  eden space 300544K, 0% used [0x00000000eab00000,0x00000000eab00000,0x00000000fd080000)
  from space 23552K, 52% used [0x00000000fd080000,0x00000000fdc85478,0x00000000fe780000)
  to   space 23552K, 0% used [0x00000000fe780000,0x00000000fe780000,0x00000000ffe80000)
 ParOldGen       total 98816K, used 45526K [0x00000000c0000000, 0x00000000c6080000, 0x00000000eab00000)
  object space 98816K, 46% used [0x00000000c0000000,0x00000000c2c758c0,0x00000000c6080000)
 Metaspace       used 59613K, capacity 62628K, committed 62976K, reserved 1103872K
  class space    used 7882K, capacity 8588K, committed 8704K, reserved 1048576K
}
Event: 2918.142 GC heap before
{Heap before GC invocations=24 (full 7):
 PSYoungGen      total 324096K, used 12309K [0x00000000eab00000, 0x00000000ffe80000, 0x0000000100000000)
  eden space 300544K, 0% used [0x00000000eab00000,0x00000000eab00000,0x00000000fd080000)
  from space 23552K, 52% used [0x00000000fd080000,0x00000000fdc85478,0x00000000fe780000)
  to   space 23552K, 0% used [0x00000000fe780000,0x00000000fe780000,0x00000000ffe80000)
 ParOldGen       total 98816K, used 45526K [0x00000000c0000000, 0x00000000c6080000, 0x00000000eab00000)
  object space 98816K, 46% used [0x00000000c0000000,0x00000000c2c758c0,0x00000000c6080000)
 Metaspace       used 59613K, capacity 62628K, committed 62976K, reserved 1103872K
  class space    used 7882K, capacity 8588K, committed 8704K, reserved 1048576K
Event: 2918.674 GC heap after
Heap after GC invocations=24 (full 7):
 PSYoungGen      total 324096K, used 0K [0x00000000eab00000, 0x00000000ffe80000, 0x0000000100000000)
  eden space 300544K, 0% used [0x00000000eab00000,0x00000000eab00000,0x00000000fd080000)
  from space 23552K, 0% used [0x00000000fd080000,0x00000000fd080000,0x00000000fe780000)
  to   space 23552K, 0% used [0x00000000fe780000,0x00000000fe780000,0x00000000ffe80000)
 ParOldGen       total 98816K, used 51512K [0x00000000c0000000, 0x00000000c6080000, 0x00000000eab00000)
  object space 98816K, 52% used [0x00000000c0000000,0x00000000c324e2b8,0x00000000c6080000)
 Metaspace       used 59381K, capacity 62246K, committed 62976K, reserved 1103872K
  class space    used 7840K, capacity 8526K, committed 8704K, reserved 1048576K
}
Event: 2935.857 GC heap before
{Heap before GC invocations=25 (full 7):
 PSYoungGen      total 324096K, used 300544K [0x00000000eab00000, 0x00000000ffe80000, 0x0000000100000000)
  eden space 300544K, 100% used [0x00000000eab00000,0x00000000fd080000,0x00000000fd080000)
  from space 23552K, 0% used [0x00000000fd080000,0x00000000fd080000,0x00000000fe780000)
  to   space 23552K, 0% used [0x00000000fe780000,0x00000000fe780000,0x00000000ffe80000)
 ParOldGen       total 98816K, used 51512K [0x00000000c0000000, 0x00000000c6080000, 0x00000000eab00000)
  object space 98816K, 52% used [0x00000000c0000000,0x00000000c324e2b8,0x00000000c6080000)
 Metaspace       used 60964K, capacity 64172K, committed 64384K, reserved 1105920K
  class space    used 8047K, capacity 8753K, committed 8832K, reserved 1048576K
Event: 2935.935 GC heap after
Heap after GC invocations=25 (full 7):
 PSYoungGen      total 311296K, used 23545K [0x00000000eab00000, 0x0000000100000000, 0x0000000100000000)
  eden space 287744K, 0% used [0x00000000eab00000,0x00000000eab00000,0x00000000fc400000)
  from space 23552K, 99% used [0x00000000fe780000,0x00000000ffe7e7d0,0x00000000ffe80000)
  to   space 30720K, 0% used [0x00000000fc400000,0x00000000fc400000,0x00000000fe200000)
 ParOldGen       total 98816K, used 59424K [0x00000000c0000000, 0x00000000c6080000, 0x00000000eab00000)
  object space 98816K, 60% used [0x00000000c0000000,0x00000000c3a08270,0x00000000c6080000)
 Metaspace       used 60964K, capacity 64172K, committed 64384K, reserved 1105920K
  class space    used 8047K, capacity 8753K, committed 8832K, reserved 1048576K
}

