# JRE version: Java(TM) SE Runtime Environment (8.0_65-b17) (build 1.8.0_65-b17)
# Java VM: Java HotSpot(TM) 64-Bit Server VM (25.65-b01 mixed mode windows-amd64 compressed oops)
Heap:
 PSYoungGen      total 249856K, used 70513K [0x00000000eab00000, 0x0000000100000000, 0x0000000100000000)
  eden space 160768K, 5% used [0x00000000eab00000,0x00000000eb45bd30,0x00000000f4800000)
  from space 89088K, 68% used [0x00000000fa900000,0x00000000fe480a38,0x0000000100000000)
  to   space 94208K, 0% used [0x00000000f4800000,0x00000000f4800000,0x00000000fa400000)
 ParOldGen       total 237568K, used 148532K [0x00000000c0000000, 0x00000000ce800000, 0x00000000eab00000)
  object space 237568K, 62% used [0x00000000c0000000,0x00000000c910d0b8,0x00000000ce800000)
 Metaspace       used 7062K, capacity 7736K, committed 7936K, reserved 1056768K
  class space    used 645K, capacity 688K, committed 768K, reserved 1048576K
GC Heap History (10 events):
Event: 10.041 GC heap before
{Heap before GC invocations=13 (full 2):
 PSYoungGen      total 262144K, used 257915K [0x00000000eab00000, 0x0000000100000000, 0x0000000100000000)
  eden space 222720K, 100% used [0x00000000eab00000,0x00000000f8480000,0x00000000f8480000)
  from space 39424K, 89% used [0x00000000fbb80000,0x00000000fdddede8,0x00000000fe200000)
  to   space 56320K, 0% used [0x00000000f8480000,0x00000000f8480000,0x00000000fbb80000)
 ParOldGen       total 148992K, used 83681K [0x00000000c0000000, 0x00000000c9180000, 0x00000000eab00000)
  object space 148992K, 56% used [0x00000000c0000000,0x00000000c51b8598,0x00000000c9180000)
 Metaspace       used 6607K, capacity 7320K, committed 7680K, reserved 1056768K
  class space    used 624K, capacity 656K, committed 768K, reserved 1048576K
Event: 10.234 GC heap after
Heap after GC invocations=13 (full 2):
 PSYoungGen      total 279040K, used 56317K [0x00000000eab00000, 0x0000000100000000, 0x0000000100000000)
  eden space 222720K, 0% used [0x00000000eab00000,0x00000000eab00000,0x00000000f8480000)
  from space 56320K, 99% used [0x00000000f8480000,0x00000000fbb7f7b8,0x00000000fbb80000)
  to   space 70144K, 0% used [0x00000000fbb80000,0x00000000fbb80000,0x0000000100000000)
 ParOldGen       total 148992K, used 98038K [0x00000000c0000000, 0x00000000c9180000, 0x00000000eab00000)
  object space 148992K, 65% used [0x00000000c0000000,0x00000000c5fbd908,0x00000000c9180000)
 Metaspace       used 6607K, capacity 7320K, committed 7680K, reserved 1056768K
  class space    used 624K, capacity 656K, committed 768K, reserved 1048576K
}
Event: 11.216 GC heap before
{Heap before GC invocations=14 (full 2):
 PSYoungGen      total 279040K, used 279037K [0x00000000eab00000, 0x0000000100000000, 0x0000000100000000)
  eden space 222720K, 100% used [0x00000000eab00000,0x00000000f8480000,0x00000000f8480000)
  from space 56320K, 99% used [0x00000000f8480000,0x00000000fbb7f7b8,0x00000000fbb80000)
  to   space 70144K, 0% used [0x00000000fbb80000,0x00000000fbb80000,0x0000000100000000)
 ParOldGen       total 148992K, used 98038K [0x00000000c0000000, 0x00000000c9180000, 0x00000000eab00000)
  object space 148992K, 65% used [0x00000000c0000000,0x00000000c5fbd908,0x00000000c9180000)
 Metaspace       used 6616K, capacity 7320K, committed 7680K, reserved 1056768K
  class space    used 624K, capacity 656K, committed 768K, reserved 1048576K
Event: 11.442 GC heap after
Heap after GC invocations=14 (full 2):
 PSYoungGen      total 257536K, used 62106K [0x00000000eab00000, 0x0000000100000000, 0x0000000100000000)
  eden space 187392K, 0% used [0x00000000eab00000,0x00000000eab00000,0x00000000f6200000)
  from space 70144K, 88% used [0x00000000fbb80000,0x00000000ff826ad8,0x0000000100000000)
  to   space 80896K, 0% used [0x00000000f6200000,0x00000000f6200000,0x00000000fb100000)
 ParOldGen       total 148992K, used 126333K [0x00000000c0000000, 0x00000000c9180000, 0x00000000eab00000)
  object space 148992K, 84% used [0x00000000c0000000,0x00000000c7b5f4c0,0x00000000c9180000)
 Metaspace       used 6616K, capacity 7320K, committed 7680K, reserved 1056768K
  class space    used 624K, capacity 656K, committed 768K, reserved 1048576K
}
Event: 11.442 GC heap before
{Heap before GC invocations=15 (full 3):
 PSYoungGen      total 257536K, used 62106K [0x00000000eab00000, 0x0000000100000000, 0x0000000100000000)
  eden space 187392K, 0% used [0x00000000eab00000,0x00000000eab00000,0x00000000f6200000)
  from space 70144K, 88% used [0x00000000fbb80000,0x00000000ff826ad8,0x0000000100000000)
  to   space 80896K, 0% used [0x00000000f6200000,0x00000000f6200000,0x00000000fb100000)
 ParOldGen       total 148992K, used 126333K [0x00000000c0000000, 0x00000000c9180000, 0x00000000eab00000)
  object space 148992K, 84% used [0x00000000c0000000,0x00000000c7b5f4c0,0x00000000c9180000)
 Metaspace       used 6616K, capacity 7320K, committed 7680K, reserved 1056768K
  class space    used 624K, capacity 656K, committed 768K, reserved 1048576K
Event: 12.756 GC heap after
Heap after GC invocations=15 (full 3):
 PSYoungGen      total 257536K, used 35260K [0x00000000eab00000, 0x0000000100000000, 0x0000000100000000)
  eden space 187392K, 0% used [0x00000000eab00000,0x00000000eab00000,0x00000000f6200000)
  from space 70144K, 50% used [0x00000000fbb80000,0x00000000fddef3e8,0x0000000100000000)
  to   space 80896K, 0% used [0x00000000f6200000,0x00000000f6200000,0x00000000fb100000)
 ParOldGen       total 237568K, used 148532K [0x00000000c0000000, 0x00000000ce800000, 0x00000000eab00000)
  object space 237568K, 62% used [0x00000000c0000000,0x00000000c910d0b8,0x00000000ce800000)
 Metaspace       used 6616K, capacity 7320K, committed 7680K, reserved 1056768K
  class space    used 624K, capacity 656K, committed 768K, reserved 1048576K
}
Event: 13.839 GC heap before
{Heap before GC invocations=16 (full 3):
 PSYoungGen      total 257536K, used 222652K [0x00000000eab00000, 0x0000000100000000, 0x0000000100000000)
  eden space 187392K, 100% used [0x00000000eab00000,0x00000000f6200000,0x00000000f6200000)
  from space 70144K, 50% used [0x00000000fbb80000,0x00000000fddef3e8,0x0000000100000000)
  to   space 80896K, 0% used [0x00000000f6200000,0x00000000f6200000,0x00000000fb100000)
 ParOldGen       total 237568K, used 148532K [0x00000000c0000000, 0x00000000ce800000, 0x00000000eab00000)
  object space 237568K, 62% used [0x00000000c0000000,0x00000000c910d0b8,0x00000000ce800000)
 Metaspace       used 6625K, capacity 7320K, committed 7680K, reserved 1056768K
  class space    used 624K, capacity 656K, committed 768K, reserved 1048576K
Event: 14.022 GC heap after
Heap after GC invocations=16 (full 3):
 PSYoungGen      total 252928K, used 65476K [0x00000000eab00000, 0x0000000100000000, 0x0000000100000000)
  eden space 187392K, 0% used [0x00000000eab00000,0x00000000eab00000,0x00000000f6200000)
  from space 65536K, 99% used [0x00000000f6200000,0x00000000fa1f12c0,0x00000000fa200000)
  to   space 89088K, 0% used [0x00000000fa900000,0x00000000fa900000,0x0000000100000000)
 ParOldGen       total 237568K, used 148532K [0x00000000c0000000, 0x00000000ce800000, 0x00000000eab00000)
  object space 237568K, 62% used [0x00000000c0000000,0x00000000c910d0b8,0x00000000ce800000)
 Metaspace       used 6625K, capacity 7320K, committed 7680K, reserved 1056768K
  class space    used 624K, capacity 656K, committed 768K, reserved 1048576K
}
Event: 16.669 GC heap before
{Heap before GC invocations=17 (full 3):
 PSYoungGen      total 252928K, used 252868K [0x00000000eab00000, 0x0000000100000000, 0x0000000100000000)
  eden space 187392K, 100% used [0x00000000eab00000,0x00000000f6200000,0x00000000f6200000)
  from space 65536K, 99% used [0x00000000f6200000,0x00000000fa1f12c0,0x00000000fa200000)
  to   space 89088K, 0% used [0x00000000fa900000,0x00000000fa900000,0x0000000100000000)
 ParOldGen       total 237568K, used 148532K [0x00000000c0000000, 0x00000000ce800000, 0x00000000eab00000)
  object space 237568K, 62% used [0x00000000c0000000,0x00000000c910d0b8,0x00000000ce800000)
 Metaspace       used 7023K, capacity 7672K, committed 7936K, reserved 1056768K
  class space    used 645K, capacity 688K, committed 768K, reserved 1048576K
Event: 16.805 GC heap after
Heap after GC invocations=17 (full 3):
 PSYoungGen      total 249856K, used 60930K [0x00000000eab00000, 0x0000000100000000, 0x0000000100000000)
  eden space 160768K, 0% used [0x00000000eab00000,0x00000000eab00000,0x00000000f4800000)
  from space 89088K, 68% used [0x00000000fa900000,0x00000000fe480a38,0x0000000100000000)
  to   space 94208K, 0% used [0x00000000f4800000,0x00000000f4800000,0x00000000fa400000)
 ParOldGen       total 237568K, used 148532K [0x00000000c0000000, 0x00000000ce800000, 0x00000000eab00000)
  object space 237568K, 62% used [0x00000000c0000000,0x00000000c910d0b8,0x00000000ce800000)
 Metaspace       used 7023K, capacity 7672K, committed 7936K, reserved 1056768K
  class space    used 645K, capacity 688K, committed 768K, reserved 1048576K
}

