# JRE version: Java(TM) SE Runtime Environment (8.0_65-b17) (build 1.8.0_65-b17)
# Java VM: Java HotSpot(TM) 64-Bit Server VM (25.65-b01 mixed mode windows-amd64 compressed oops)
Heap:
 PSYoungGen      total 229888K, used 112888K [0x00000000eab00000, 0x0000000100000000, 0x0000000100000000)
  eden space 151552K, 37% used [0x00000000eab00000,0x00000000ee2d7220,0x00000000f3f00000)
  from space 78336K, 71% used [0x00000000fb380000,0x00000000fe9e6ed8,0x0000000100000000)
  to   space 98816K, 0% used [0x00000000f3f00000,0x00000000f3f00000,0x00000000f9f80000)
 ParOldGen       total 236032K, used 184384K [0x00000000c0000000, 0x00000000ce680000, 0x00000000eab00000)
  object space 236032K, 78% used [0x00000000c0000000,0x00000000cb4101b8,0x00000000ce680000)
 Metaspace       used 7092K, capacity 7736K, committed 7936K, reserved 1056768K
  class space    used 647K, capacity 688K, committed 768K, reserved 1048576K
GC Heap History (10 events):
Event: 9.752 GC heap before
{Heap before GC invocations=13 (full 2):
 PSYoungGen      total 258048K, used 250769K [0x00000000eab00000, 0x0000000100000000, 0x0000000100000000)
  eden space 219136K, 100% used [0x00000000eab00000,0x00000000f8100000,0x00000000f8100000)
  from space 38912K, 81% used [0x00000000fb700000,0x00000000fd5e4490,0x00000000fdd00000)
  to   space 55296K, 0% used [0x00000000f8100000,0x00000000f8100000,0x00000000fb700000)
 ParOldGen       total 150528K, used 84967K [0x00000000c0000000, 0x00000000c9300000, 0x00000000eab00000)
  object space 150528K, 56% used [0x00000000c0000000,0x00000000c52f9de0,0x00000000c9300000)
 Metaspace       used 6608K, capacity 7320K, committed 7680K, reserved 1056768K
  class space    used 625K, capacity 656K, committed 768K, reserved 1048576K
Event: 9.921 GC heap after
Heap after GC invocations=13 (full 2):
 PSYoungGen      total 274432K, used 55269K [0x00000000eab00000, 0x0000000100000000, 0x0000000100000000)
  eden space 219136K, 0% used [0x00000000eab00000,0x00000000eab00000,0x00000000f8100000)
  from space 55296K, 99% used [0x00000000f8100000,0x00000000fb6f94d0,0x00000000fb700000)
  to   space 68608K, 0% used [0x00000000fbd00000,0x00000000fbd00000,0x0000000100000000)
 ParOldGen       total 150528K, used 93944K [0x00000000c0000000, 0x00000000c9300000, 0x00000000eab00000)
  object space 150528K, 62% used [0x00000000c0000000,0x00000000c5bbe0d0,0x00000000c9300000)
 Metaspace       used 6608K, capacity 7320K, committed 7680K, reserved 1056768K
  class space    used 625K, capacity 656K, committed 768K, reserved 1048576K
}
Event: 10.945 GC heap before
{Heap before GC invocations=14 (full 2):
 PSYoungGen      total 274432K, used 274405K [0x00000000eab00000, 0x0000000100000000, 0x0000000100000000)
  eden space 219136K, 100% used [0x00000000eab00000,0x00000000f8100000,0x00000000f8100000)
  from space 55296K, 99% used [0x00000000f8100000,0x00000000fb6f94d0,0x00000000fb700000)
  to   space 68608K, 0% used [0x00000000fbd00000,0x00000000fbd00000,0x0000000100000000)
 ParOldGen       total 150528K, used 93944K [0x00000000c0000000, 0x00000000c9300000, 0x00000000eab00000)
  object space 150528K, 62% used [0x00000000c0000000,0x00000000c5bbe0d0,0x00000000c9300000)
 Metaspace       used 6618K, capacity 7320K, committed 7680K, reserved 1056768K
  class space    used 625K, capacity 656K, committed 768K, reserved 1048576K
Event: 11.200 GC heap after
Heap after GC invocations=14 (full 2):
 PSYoungGen      total 261120K, used 62314K [0x00000000eab00000, 0x0000000100000000, 0x0000000100000000)
  eden space 192512K, 0% used [0x00000000eab00000,0x00000000eab00000,0x00000000f6700000)
  from space 68608K, 90% used [0x00000000fbd00000,0x00000000ff9daa00,0x0000000100000000)
  to   space 78336K, 0% used [0x00000000f6700000,0x00000000f6700000,0x00000000fb380000)
 ParOldGen       total 150528K, used 118582K [0x00000000c0000000, 0x00000000c9300000, 0x00000000eab00000)
  object space 150528K, 78% used [0x00000000c0000000,0x00000000c73cd9c0,0x00000000c9300000)
 Metaspace       used 6618K, capacity 7320K, committed 7680K, reserved 1056768K
  class space    used 625K, capacity 656K, committed 768K, reserved 1048576K
}
Event: 12.369 GC heap before
{Heap before GC invocations=15 (full 2):
 PSYoungGen      total 261120K, used 254826K [0x00000000eab00000, 0x0000000100000000, 0x0000000100000000)
  eden space 192512K, 100% used [0x00000000eab00000,0x00000000f6700000,0x00000000f6700000)
  from space 68608K, 90% used [0x00000000fbd00000,0x00000000ff9daa00,0x0000000100000000)
  to   space 78336K, 0% used [0x00000000f6700000,0x00000000f6700000,0x00000000fb380000)
 ParOldGen       total 150528K, used 118582K [0x00000000c0000000, 0x00000000c9300000, 0x00000000eab00000)
  object space 150528K, 78% used [0x00000000c0000000,0x00000000c73cd9c0,0x00000000c9300000)
 Metaspace       used 6628K, capacity 7320K, committed 7680K, reserved 1056768K
  class space    used 625K, capacity 656K, committed 768K, reserved 1048576K
Event: 12.687 GC heap after
Heap after GC invocations=15 (full 2):
 PSYoungGen      total 270848K, used 78323K [0x00000000eab00000, 0x0000000100000000, 0x0000000100000000)
  eden space 192512K, 0% used [0x00000000eab00000,0x00000000eab00000,0x00000000f6700000)
  from space 78336K, 99% used [0x00000000f6700000,0x00000000fb37ce20,0x00000000fb380000)
  to   space 78336K, 0% used [0x00000000fb380000,0x00000000fb380000,0x0000000100000000)
 ParOldGen       total 150528K, used 133378K [0x00000000c0000000, 0x00000000c9300000, 0x00000000eab00000)
  object space 150528K, 88% used [0x00000000c0000000,0x00000000c8240a40,0x00000000c9300000)
 Metaspace       used 6628K, capacity 7320K, committed 7680K, reserved 1056768K
  class space    used 625K, capacity 656K, committed 768K, reserved 1048576K
}
Event: 12.687 GC heap before
{Heap before GC invocations=16 (full 3):
 PSYoungGen      total 270848K, used 78323K [0x00000000eab00000, 0x0000000100000000, 0x0000000100000000)
  eden space 192512K, 0% used [0x00000000eab00000,0x00000000eab00000,0x00000000f6700000)
  from space 78336K, 99% used [0x00000000f6700000,0x00000000fb37ce20,0x00000000fb380000)
  to   space 78336K, 0% used [0x00000000fb380000,0x00000000fb380000,0x0000000100000000)
 ParOldGen       total 150528K, used 133378K [0x00000000c0000000, 0x00000000c9300000, 0x00000000eab00000)
  object space 150528K, 88% used [0x00000000c0000000,0x00000000c8240a40,0x00000000c9300000)
 Metaspace       used 6628K, capacity 7320K, committed 7680K, reserved 1056768K
  class space    used 625K, capacity 656K, committed 768K, reserved 1048576K
Event: 14.551 GC heap after
Heap after GC invocations=16 (full 3):
 PSYoungGen      total 270848K, used 56638K [0x00000000eab00000, 0x0000000100000000, 0x0000000100000000)
  eden space 192512K, 0% used [0x00000000eab00000,0x00000000eab00000,0x00000000f6700000)
  from space 78336K, 72% used [0x00000000f6700000,0x00000000f9e4fb48,0x00000000fb380000)
  to   space 78336K, 0% used [0x00000000fb380000,0x00000000fb380000,0x0000000100000000)
 ParOldGen       total 236032K, used 150282K [0x00000000c0000000, 0x00000000ce680000, 0x00000000eab00000)
  object space 236032K, 63% used [0x00000000c0000000,0x00000000c92c2980,0x00000000ce680000)
 Metaspace       used 6628K, capacity 7320K, committed 7680K, reserved 1056768K
  class space    used 625K, capacity 656K, committed 768K, reserved 1048576K
}
Event: 16.674 GC heap before
{Heap before GC invocations=17 (full 3):
 PSYoungGen      total 270848K, used 249150K [0x00000000eab00000, 0x0000000100000000, 0x0000000100000000)
  eden space 192512K, 100% used [0x00000000eab00000,0x00000000f6700000,0x00000000f6700000)
  from space 78336K, 72% used [0x00000000f6700000,0x00000000f9e4fb48,0x00000000fb380000)
  to   space 78336K, 0% used [0x00000000fb380000,0x00000000fb380000,0x0000000100000000)
 ParOldGen       total 236032K, used 150282K [0x00000000c0000000, 0x00000000ce680000, 0x00000000eab00000)
  object space 236032K, 63% used [0x00000000c0000000,0x00000000c92c2980,0x00000000ce680000)
 Metaspace       used 6965K, capacity 7608K, committed 7936K, reserved 1056768K
  class space    used 644K, capacity 688K, committed 768K, reserved 1048576K
Event: 17.051 GC heap after
Heap after GC invocations=17 (full 3):
 PSYoungGen      total 229888K, used 55707K [0x00000000eab00000, 0x0000000100000000, 0x0000000100000000)
  eden space 151552K, 0% used [0x00000000eab00000,0x00000000eab00000,0x00000000f3f00000)
  from space 78336K, 71% used [0x00000000fb380000,0x00000000fe9e6ed8,0x0000000100000000)
  to   space 98816K, 0% used [0x00000000f3f00000,0x00000000f3f00000,0x00000000f9f80000)
 ParOldGen       total 236032K, used 184384K [0x00000000c0000000, 0x00000000ce680000, 0x00000000eab00000)
  object space 236032K, 78% used [0x00000000c0000000,0x00000000cb4101b8,0x00000000ce680000)
 Metaspace       used 6965K, capacity 7608K, committed 7936K, reserved 1056768K
  class space    used 644K, capacity 688K, committed 768K, reserved 1048576K
}

