# JRE version: Java(TM) SE Runtime Environment (8.0_65-b17) (build 1.8.0_65-b17)
# Java VM: Java HotSpot(TM) 64-Bit Server VM (25.65-b01 mixed mode windows-amd64 compressed oops)
Heap:
 PSYoungGen      total 222208K, used 137411K [0x00000000eab00000, 0x0000000100000000, 0x0000000100000000)
  eden space 138240K, 40% used [0x00000000eab00000,0x00000000ee22fb20,0x00000000f3200000)
  from space 83968K, 96% used [0x00000000fae00000,0x00000000ffd013d8,0x0000000100000000)
  to   space 105472K, 0% used [0x00000000f3200000,0x00000000f3200000,0x00000000f9900000)
 ParOldGen       total 247296K, used 158476K [0x00000000c0000000, 0x00000000cf180000, 0x00000000eab00000)
  object space 247296K, 64% used [0x00000000c0000000,0x00000000c9ac30a0,0x00000000cf180000)
 Metaspace       used 7171K, capacity 7800K, committed 7936K, reserved 1056768K
  class space    used 646K, capacity 688K, committed 768K, reserved 1048576K
GC Heap History (10 events):
Event: 9.220 GC heap before
{Heap before GC invocations=13 (full 2):
 PSYoungGen      total 248320K, used 244638K [0x00000000eab00000, 0x0000000100000000, 0x0000000100000000)
  eden space 219648K, 100% used [0x00000000eab00000,0x00000000f8180000,0x00000000f8180000)
  from space 28672K, 87% used [0x00000000fb600000,0x00000000fce67890,0x00000000fd200000)
  to   space 53760K, 0% used [0x00000000f8180000,0x00000000f8180000,0x00000000fb600000)
 ParOldGen       total 158720K, used 89214K [0x00000000c0000000, 0x00000000c9b00000, 0x00000000eab00000)
  object space 158720K, 56% used [0x00000000c0000000,0x00000000c571fb50,0x00000000c9b00000)
 Metaspace       used 6598K, capacity 7320K, committed 7680K, reserved 1056768K
  class space    used 624K, capacity 656K, committed 768K, reserved 1048576K
Event: 9.406 GC heap after
Heap after GC invocations=13 (full 2):
 PSYoungGen      total 273408K, used 51895K [0x00000000eab00000, 0x0000000100000000, 0x0000000100000000)
  eden space 219648K, 0% used [0x00000000eab00000,0x00000000eab00000,0x00000000f8180000)
  from space 53760K, 96% used [0x00000000f8180000,0x00000000fb42dfb8,0x00000000fb600000)
  to   space 62464K, 0% used [0x00000000fc300000,0x00000000fc300000,0x0000000100000000)
 ParOldGen       total 158720K, used 95823K [0x00000000c0000000, 0x00000000c9b00000, 0x00000000eab00000)
  object space 158720K, 60% used [0x00000000c0000000,0x00000000c5d93e10,0x00000000c9b00000)
 Metaspace       used 6598K, capacity 7320K, committed 7680K, reserved 1056768K
  class space    used 624K, capacity 656K, committed 768K, reserved 1048576K
}
Event: 10.402 GC heap before
{Heap before GC invocations=14 (full 2):
 PSYoungGen      total 273408K, used 271543K [0x00000000eab00000, 0x0000000100000000, 0x0000000100000000)
  eden space 219648K, 100% used [0x00000000eab00000,0x00000000f8180000,0x00000000f8180000)
  from space 53760K, 96% used [0x00000000f8180000,0x00000000fb42dfb8,0x00000000fb600000)
  to   space 62464K, 0% used [0x00000000fc300000,0x00000000fc300000,0x0000000100000000)
 ParOldGen       total 158720K, used 95823K [0x00000000c0000000, 0x00000000c9b00000, 0x00000000eab00000)
  object space 158720K, 60% used [0x00000000c0000000,0x00000000c5d93e10,0x00000000c9b00000)
 Metaspace       used 6617K, capacity 7320K, committed 7680K, reserved 1056768K
  class space    used 624K, capacity 656K, committed 768K, reserved 1048576K
Event: 10.619 GC heap after
Heap after GC invocations=14 (full 2):
 PSYoungGen      total 249856K, used 62463K [0x00000000eab00000, 0x0000000100000000, 0x0000000100000000)
  eden space 187392K, 0% used [0x00000000eab00000,0x00000000eab00000,0x00000000f6200000)
  from space 62464K, 99% used [0x00000000fc300000,0x00000000ffffff40,0x0000000100000000)
  to   space 80896K, 0% used [0x00000000f6200000,0x00000000f6200000,0x00000000fb100000)
 ParOldGen       total 158720K, used 116688K [0x00000000c0000000, 0x00000000c9b00000, 0x00000000eab00000)
  object space 158720K, 73% used [0x00000000c0000000,0x00000000c71f41a0,0x00000000c9b00000)
 Metaspace       used 6617K, capacity 7320K, committed 7680K, reserved 1056768K
  class space    used 624K, capacity 656K, committed 768K, reserved 1048576K
}
Event: 11.901 GC heap before
{Heap before GC invocations=15 (full 2):
 PSYoungGen      total 249856K, used 249855K [0x00000000eab00000, 0x0000000100000000, 0x0000000100000000)
  eden space 187392K, 100% used [0x00000000eab00000,0x00000000f6200000,0x00000000f6200000)
  from space 62464K, 99% used [0x00000000fc300000,0x00000000ffffff40,0x0000000100000000)
  to   space 80896K, 0% used [0x00000000f6200000,0x00000000f6200000,0x00000000fb100000)
 ParOldGen       total 158720K, used 116688K [0x00000000c0000000, 0x00000000c9b00000, 0x00000000eab00000)
  object space 158720K, 73% used [0x00000000c0000000,0x00000000c71f41a0,0x00000000c9b00000)
 Metaspace       used 6627K, capacity 7320K, committed 7680K, reserved 1056768K
  class space    used 624K, capacity 656K, committed 768K, reserved 1048576K
Event: 12.126 GC heap after
Heap after GC invocations=15 (full 2):
 PSYoungGen      total 265216K, used 77637K [0x00000000eab00000, 0x0000000100000000, 0x0000000100000000)
  eden space 187392K, 0% used [0x00000000eab00000,0x00000000eab00000,0x00000000f6200000)
  from space 77824K, 99% used [0x00000000f6200000,0x00000000fadd1588,0x00000000fae00000)
  to   space 83968K, 0% used [0x00000000fae00000,0x00000000fae00000,0x0000000100000000)
 ParOldGen       total 158720K, used 133900K [0x00000000c0000000, 0x00000000c9b00000, 0x00000000eab00000)
  object space 158720K, 84% used [0x00000000c0000000,0x00000000c82c3278,0x00000000c9b00000)
 Metaspace       used 6627K, capacity 7320K, committed 7680K, reserved 1056768K
  class space    used 624K, capacity 656K, committed 768K, reserved 1048576K
}
Event: 12.126 GC heap before
{Heap before GC invocations=16 (full 3):
 PSYoungGen      total 265216K, used 77637K [0x00000000eab00000, 0x0000000100000000, 0x0000000100000000)
  eden space 187392K, 0% used [0x00000000eab00000,0x00000000eab00000,0x00000000f6200000)
  from space 77824K, 99% used [0x00000000f6200000,0x00000000fadd1588,0x00000000fae00000)
  to   space 83968K, 0% used [0x00000000fae00000,0x00000000fae00000,0x0000000100000000)
 ParOldGen       total 158720K, used 133900K [0x00000000c0000000, 0x00000000c9b00000, 0x00000000eab00000)
  object space 158720K, 84% used [0x00000000c0000000,0x00000000c82c3278,0x00000000c9b00000)
 Metaspace       used 6627K, capacity 7320K, committed 7680K, reserved 1056768K
  class space    used 624K, capacity 656K, committed 768K, reserved 1048576K
Event: 13.299 GC heap after
Heap after GC invocations=16 (full 3):
 PSYoungGen      total 265216K, used 48604K [0x00000000eab00000, 0x0000000100000000, 0x0000000100000000)
  eden space 187392K, 0% used [0x00000000eab00000,0x00000000eab00000,0x00000000f6200000)
  from space 77824K, 62% used [0x00000000f6200000,0x00000000f9177190,0x00000000fae00000)
  to   space 83968K, 0% used [0x00000000fae00000,0x00000000fae00000,0x0000000100000000)
 ParOldGen       total 247296K, used 158476K [0x00000000c0000000, 0x00000000cf180000, 0x00000000eab00000)
  object space 247296K, 64% used [0x00000000c0000000,0x00000000c9ac30a0,0x00000000cf180000)
 Metaspace       used 6627K, capacity 7320K, committed 7680K, reserved 1056768K
  class space    used 624K, capacity 656K, committed 768K, reserved 1048576K
}
Event: 15.619 GC heap before
{Heap before GC invocations=17 (full 3):
 PSYoungGen      total 265216K, used 235996K [0x00000000eab00000, 0x0000000100000000, 0x0000000100000000)
  eden space 187392K, 100% used [0x00000000eab00000,0x00000000f6200000,0x00000000f6200000)
  from space 77824K, 62% used [0x00000000f6200000,0x00000000f9177190,0x00000000fae00000)
  to   space 83968K, 0% used [0x00000000fae00000,0x00000000fae00000,0x0000000100000000)
 ParOldGen       total 247296K, used 158476K [0x00000000c0000000, 0x00000000cf180000, 0x00000000eab00000)
  object space 247296K, 64% used [0x00000000c0000000,0x00000000c9ac30a0,0x00000000cf180000)
 Metaspace       used 6960K, capacity 7608K, committed 7936K, reserved 1056768K
  class space    used 643K, capacity 688K, committed 768K, reserved 1048576K
Event: 15.841 GC heap after
Heap after GC invocations=17 (full 3):
 PSYoungGen      total 222208K, used 80900K [0x00000000eab00000, 0x0000000100000000, 0x0000000100000000)
  eden space 138240K, 0% used [0x00000000eab00000,0x00000000eab00000,0x00000000f3200000)
  from space 83968K, 96% used [0x00000000fae00000,0x00000000ffd013d8,0x0000000100000000)
  to   space 105472K, 0% used [0x00000000f3200000,0x00000000f3200000,0x00000000f9900000)
 ParOldGen       total 247296K, used 158476K [0x00000000c0000000, 0x00000000cf180000, 0x00000000eab00000)
  object space 247296K, 64% used [0x00000000c0000000,0x00000000c9ac30a0,0x00000000cf180000)
 Metaspace       used 6960K, capacity 7608K, committed 7936K, reserved 1056768K
  class space    used 643K, capacity 688K, committed 768K, reserved 1048576K
}

