# JRE version: Java(TM) SE Runtime Environment (8.0_65-b17) (build 1.8.0_65-b17)
# Java VM: Java HotSpot(TM) 64-Bit Server VM (25.65-b01 mixed mode windows-amd64 compressed oops)
Heap:
 PSYoungGen      total 291328K, used 187739K [0x00000000eab00000, 0x0000000100000000, 0x0000000100000000)
  eden space 233472K, 55% used [0x00000000eab00000,0x00000000f29db890,0x00000000f8f00000)
  from space 57856K, 99% used [0x00000000f8f00000,0x00000000fc77b540,0x00000000fc780000)
  to   space 57856K, 0% used [0x00000000fc780000,0x00000000fc780000,0x0000000100000000)
 ParOldGen       total 227840K, used 155275K [0x00000000c0000000, 0x00000000cde80000, 0x00000000eab00000)
  object space 227840K, 68% used [0x00000000c0000000,0x00000000c97a2fc0,0x00000000cde80000)
 Metaspace       used 6776K, capacity 7384K, committed 7680K, reserved 1056768K
  class space    used 633K, capacity 656K, committed 768K, reserved 1048576K
GC Heap History (10 events):
Event: 8.520 GC heap before
{Heap before GC invocations=14 (full 2):
 PSYoungGen      total 223232K, used 191515K [0x00000000eab00000, 0x00000000feb00000, 0x0000000100000000)
  eden space 186880K, 100% used [0x00000000eab00000,0x00000000f6180000,0x00000000f6180000)
  from space 36352K, 12% used [0x00000000f6180000,0x00000000f6606f00,0x00000000f8500000)
  to   space 37888K, 0% used [0x00000000fc600000,0x00000000fc600000,0x00000000feb00000)
 ParOldGen       total 132608K, used 78592K [0x00000000c0000000, 0x00000000c8180000, 0x00000000eab00000)
  object space 132608K, 59% used [0x00000000c0000000,0x00000000c4cc0180,0x00000000c8180000)
 Metaspace       used 6607K, capacity 7320K, committed 7680K, reserved 1056768K
  class space    used 625K, capacity 656K, committed 768K, reserved 1048576K
Event: 8.668 GC heap after
Heap after GC invocations=14 (full 2):
 PSYoungGen      total 257024K, used 28512K [0x00000000eab00000, 0x00000000fe200000, 0x0000000100000000)
  eden space 228352K, 0% used [0x00000000eab00000,0x00000000eab00000,0x00000000f8a00000)
  from space 28672K, 99% used [0x00000000fc600000,0x00000000fe1d8000,0x00000000fe200000)
  to   space 40960K, 0% used [0x00000000f9200000,0x00000000f9200000,0x00000000fba00000)
 ParOldGen       total 132608K, used 82567K [0x00000000c0000000, 0x00000000c8180000, 0x00000000eab00000)
  object space 132608K, 62% used [0x00000000c0000000,0x00000000c50a1ce0,0x00000000c8180000)
 Metaspace       used 6607K, capacity 7320K, committed 7680K, reserved 1056768K
  class space    used 625K, capacity 656K, committed 768K, reserved 1048576K
}
Event: 9.924 GC heap before
{Heap before GC invocations=15 (full 2):
 PSYoungGen      total 257024K, used 256864K [0x00000000eab00000, 0x00000000fe200000, 0x0000000100000000)
  eden space 228352K, 100% used [0x00000000eab00000,0x00000000f8a00000,0x00000000f8a00000)
  from space 28672K, 99% used [0x00000000fc600000,0x00000000fe1d8000,0x00000000fe200000)
  to   space 40960K, 0% used [0x00000000f9200000,0x00000000f9200000,0x00000000fba00000)
 ParOldGen       total 132608K, used 82567K [0x00000000c0000000, 0x00000000c8180000, 0x00000000eab00000)
  object space 132608K, 62% used [0x00000000c0000000,0x00000000c50a1ce0,0x00000000c8180000)
 Metaspace       used 6617K, capacity 7320K, committed 7680K, reserved 1056768K
  class space    used 625K, capacity 656K, committed 768K, reserved 1048576K
Event: 10.143 GC heap after
Heap after GC invocations=15 (full 2):
 PSYoungGen      total 277504K, used 40930K [0x00000000eab00000, 0x0000000100000000, 0x0000000100000000)
  eden space 236544K, 0% used [0x00000000eab00000,0x00000000eab00000,0x00000000f9200000)
  from space 40960K, 99% used [0x00000000f9200000,0x00000000fb9f8868,0x00000000fba00000)
  to   space 55808K, 0% used [0x00000000fc980000,0x00000000fc980000,0x0000000100000000)
 ParOldGen       total 132608K, used 103557K [0x00000000c0000000, 0x00000000c8180000, 0x00000000eab00000)
  object space 132608K, 78% used [0x00000000c0000000,0x00000000c65217a0,0x00000000c8180000)
 Metaspace       used 6617K, capacity 7320K, committed 7680K, reserved 1056768K
  class space    used 625K, capacity 656K, committed 768K, reserved 1048576K
}
Event: 11.273 GC heap before
{Heap before GC invocations=16 (full 2):
 PSYoungGen      total 277504K, used 277474K [0x00000000eab00000, 0x0000000100000000, 0x0000000100000000)
  eden space 236544K, 100% used [0x00000000eab00000,0x00000000f9200000,0x00000000f9200000)
  from space 40960K, 99% used [0x00000000f9200000,0x00000000fb9f8868,0x00000000fba00000)
  to   space 55808K, 0% used [0x00000000fc980000,0x00000000fc980000,0x0000000100000000)
 ParOldGen       total 132608K, used 103557K [0x00000000c0000000, 0x00000000c8180000, 0x00000000eab00000)
  object space 132608K, 78% used [0x00000000c0000000,0x00000000c65217a0,0x00000000c8180000)
 Metaspace       used 6623K, capacity 7320K, committed 7680K, reserved 1056768K
  class space    used 625K, capacity 656K, committed 768K, reserved 1048576K
Event: 11.568 GC heap after
Heap after GC invocations=16 (full 2):
 PSYoungGen      total 289280K, used 34686K [0x00000000eab00000, 0x0000000100000000, 0x0000000100000000)
  eden space 233472K, 0% used [0x00000000eab00000,0x00000000eab00000,0x00000000f8f00000)
  from space 55808K, 62% used [0x00000000fc980000,0x00000000feb5fa20,0x0000000100000000)
  to   space 57856K, 0% used [0x00000000f8f00000,0x00000000f8f00000,0x00000000fc780000)
 ParOldGen       total 144896K, used 144387K [0x00000000c0000000, 0x00000000c8d80000, 0x00000000eab00000)
  object space 144896K, 99% used [0x00000000c0000000,0x00000000c8d00eb0,0x00000000c8d80000)
 Metaspace       used 6623K, capacity 7320K, committed 7680K, reserved 1056768K
  class space    used 625K, capacity 656K, committed 768K, reserved 1048576K
}
Event: 11.568 GC heap before
{Heap before GC invocations=17 (full 3):
 PSYoungGen      total 289280K, used 34686K [0x00000000eab00000, 0x0000000100000000, 0x0000000100000000)
  eden space 233472K, 0% used [0x00000000eab00000,0x00000000eab00000,0x00000000f8f00000)
  from space 55808K, 62% used [0x00000000fc980000,0x00000000feb5fa20,0x0000000100000000)
  to   space 57856K, 0% used [0x00000000f8f00000,0x00000000f8f00000,0x00000000fc780000)
 ParOldGen       total 144896K, used 144387K [0x00000000c0000000, 0x00000000c8d80000, 0x00000000eab00000)
  object space 144896K, 99% used [0x00000000c0000000,0x00000000c8d00eb0,0x00000000c8d80000)
 Metaspace       used 6623K, capacity 7320K, committed 7680K, reserved 1056768K
  class space    used 625K, capacity 656K, committed 768K, reserved 1048576K
Event: 13.192 GC heap after
Heap after GC invocations=17 (full 3):
 PSYoungGen      total 289280K, used 30897K [0x00000000eab00000, 0x0000000100000000, 0x0000000100000000)
  eden space 233472K, 0% used [0x00000000eab00000,0x00000000eab00000,0x00000000f8f00000)
  from space 55808K, 55% used [0x00000000fc980000,0x00000000fe7ac558,0x0000000100000000)
  to   space 57856K, 0% used [0x00000000f8f00000,0x00000000f8f00000,0x00000000fc780000)
 ParOldGen       total 227840K, used 144741K [0x00000000c0000000, 0x00000000cde80000, 0x00000000eab00000)
  object space 227840K, 63% used [0x00000000c0000000,0x00000000c8d595f8,0x00000000cde80000)
 Metaspace       used 6623K, capacity 7320K, committed 7680K, reserved 1056768K
  class space    used 625K, capacity 656K, committed 768K, reserved 1048576K
}
Event: 14.605 GC heap before
{Heap before GC invocations=18 (full 3):
 PSYoungGen      total 289280K, used 264369K [0x00000000eab00000, 0x0000000100000000, 0x0000000100000000)
  eden space 233472K, 100% used [0x00000000eab00000,0x00000000f8f00000,0x00000000f8f00000)
  from space 55808K, 55% used [0x00000000fc980000,0x00000000fe7ac558,0x0000000100000000)
  to   space 57856K, 0% used [0x00000000f8f00000,0x00000000f8f00000,0x00000000fc780000)
 ParOldGen       total 227840K, used 144741K [0x00000000c0000000, 0x00000000cde80000, 0x00000000eab00000)
  object space 227840K, 63% used [0x00000000c0000000,0x00000000c8d595f8,0x00000000cde80000)
 Metaspace       used 6642K, capacity 7320K, committed 7680K, reserved 1056768K
  class space    used 625K, capacity 656K, committed 768K, reserved 1048576K
Event: 14.833 GC heap after
Heap after GC invocations=18 (full 3):
 PSYoungGen      total 291328K, used 57837K [0x00000000eab00000, 0x0000000100000000, 0x0000000100000000)
  eden space 233472K, 0% used [0x00000000eab00000,0x00000000eab00000,0x00000000f8f00000)
  from space 57856K, 99% used [0x00000000f8f00000,0x00000000fc77b540,0x00000000fc780000)
  to   space 57856K, 0% used [0x00000000fc780000,0x00000000fc780000,0x0000000100000000)
 ParOldGen       total 227840K, used 155275K [0x00000000c0000000, 0x00000000cde80000, 0x00000000eab00000)
  object space 227840K, 68% used [0x00000000c0000000,0x00000000c97a2fc0,0x00000000cde80000)
 Metaspace       used 6642K, capacity 7320K, committed 7680K, reserved 1056768K
  class space    used 625K, capacity 656K, committed 768K, reserved 1048576K
}

