# JRE version: Java(TM) SE Runtime Environment (8.0_65-b17) (build 1.8.0_65-b17)
# Java VM: Java HotSpot(TM) 64-Bit Server VM (25.65-b01 mixed mode windows-amd64 compressed oops)
Heap:
 PSYoungGen      total 270848K, used 186427K [0x00000000eab00000, 0x0000000100000000, 0x0000000100000000)
  eden space 192512K, 67% used [0x00000000eab00000,0x00000000f293f018,0x00000000f6700000)
  from space 78336K, 72% used [0x00000000f6700000,0x00000000f9ecfe78,0x00000000fb380000)
  to   space 78336K, 0% used [0x00000000fb380000,0x00000000fb380000,0x0000000100000000)
 ParOldGen       total 244224K, used 155912K [0x00000000c0000000, 0x00000000cee80000, 0x00000000eab00000)
  object space 244224K, 63% used [0x00000000c0000000,0x00000000c9842200,0x00000000cee80000)
 Metaspace       used 6844K, capacity 7480K, committed 7680K, reserved 1056768K
  class space    used 641K, capacity 688K, committed 768K, reserved 1048576K
GC Heap History (10 events):
Event: 9.336 GC heap before
{Heap before GC invocations=12 (full 2):
 PSYoungGen      total 251904K, used 32752K [0x00000000eab00000, 0x0000000100000000, 0x0000000100000000)
  eden space 219136K, 0% used [0x00000000eab00000,0x00000000eab00000,0x00000000f8100000)
  from space 32768K, 99% used [0x00000000fb700000,0x00000000fd6fc1c0,0x00000000fd700000)
  to   space 55296K, 0% used [0x00000000f8100000,0x00000000f8100000,0x00000000fb700000)
 ParOldGen       total 88064K, used 87719K [0x00000000c0000000, 0x00000000c5600000, 0x00000000eab00000)
  object space 88064K, 99% used [0x00000000c0000000,0x00000000c55a9e88,0x00000000c5600000)
 Metaspace       used 6594K, capacity 7320K, committed 7680K, reserved 1056768K
  class space    used 624K, capacity 656K, committed 768K, reserved 1048576K
Event: 10.345 GC heap after
Heap after GC invocations=12 (full 2):
 PSYoungGen      total 251904K, used 28524K [0x00000000eab00000, 0x0000000100000000, 0x0000000100000000)
  eden space 219136K, 0% used [0x00000000eab00000,0x00000000eab00000,0x00000000f8100000)
  from space 32768K, 87% used [0x00000000fb700000,0x00000000fd2db360,0x00000000fd700000)
  to   space 55296K, 0% used [0x00000000f8100000,0x00000000f8100000,0x00000000fb700000)
 ParOldGen       total 156160K, used 87739K [0x00000000c0000000, 0x00000000c9880000, 0x00000000eab00000)
  object space 156160K, 56% used [0x00000000c0000000,0x00000000c55aec30,0x00000000c9880000)
 Metaspace       used 6594K, capacity 7320K, committed 7680K, reserved 1056768K
  class space    used 624K, capacity 656K, committed 768K, reserved 1048576K
}
Event: 11.662 GC heap before
{Heap before GC invocations=13 (full 2):
 PSYoungGen      total 251904K, used 247660K [0x00000000eab00000, 0x0000000100000000, 0x0000000100000000)
  eden space 219136K, 100% used [0x00000000eab00000,0x00000000f8100000,0x00000000f8100000)
  from space 32768K, 87% used [0x00000000fb700000,0x00000000fd2db360,0x00000000fd700000)
  to   space 55296K, 0% used [0x00000000f8100000,0x00000000f8100000,0x00000000fb700000)
 ParOldGen       total 156160K, used 87739K [0x00000000c0000000, 0x00000000c9880000, 0x00000000eab00000)
  object space 156160K, 56% used [0x00000000c0000000,0x00000000c55aec30,0x00000000c9880000)
 Metaspace       used 6598K, capacity 7320K, committed 7680K, reserved 1056768K
  class space    used 624K, capacity 656K, committed 768K, reserved 1048576K
Event: 11.834 GC heap after
Heap after GC invocations=13 (full 2):
 PSYoungGen      total 274432K, used 55289K [0x00000000eab00000, 0x0000000100000000, 0x0000000100000000)
  eden space 219136K, 0% used [0x00000000eab00000,0x00000000eab00000,0x00000000f8100000)
  from space 55296K, 99% used [0x00000000f8100000,0x00000000fb6fe598,0x00000000fb700000)
  to   space 68608K, 0% used [0x00000000fbd00000,0x00000000fbd00000,0x0000000100000000)
 ParOldGen       total 156160K, used 96964K [0x00000000c0000000, 0x00000000c9880000, 0x00000000eab00000)
  object space 156160K, 62% used [0x00000000c0000000,0x00000000c5eb12e0,0x00000000c9880000)
 Metaspace       used 6598K, capacity 7320K, committed 7680K, reserved 1056768K
  class space    used 624K, capacity 656K, committed 768K, reserved 1048576K
}
Event: 12.868 GC heap before
{Heap before GC invocations=14 (full 2):
 PSYoungGen      total 274432K, used 274425K [0x00000000eab00000, 0x0000000100000000, 0x0000000100000000)
  eden space 219136K, 100% used [0x00000000eab00000,0x00000000f8100000,0x00000000f8100000)
  from space 55296K, 99% used [0x00000000f8100000,0x00000000fb6fe598,0x00000000fb700000)
  to   space 68608K, 0% used [0x00000000fbd00000,0x00000000fbd00000,0x0000000100000000)
 ParOldGen       total 156160K, used 96964K [0x00000000c0000000, 0x00000000c9880000, 0x00000000eab00000)
  object space 156160K, 62% used [0x00000000c0000000,0x00000000c5eb12e0,0x00000000c9880000)
 Metaspace       used 6604K, capacity 7320K, committed 7680K, reserved 1056768K
  class space    used 625K, capacity 656K, committed 768K, reserved 1048576K
Event: 13.121 GC heap after
Heap after GC invocations=14 (full 2):
 PSYoungGen      total 261120K, used 62632K [0x00000000eab00000, 0x0000000100000000, 0x0000000100000000)
  eden space 192512K, 0% used [0x00000000eab00000,0x00000000eab00000,0x00000000f6700000)
  from space 68608K, 91% used [0x00000000fbd00000,0x00000000ffa2a290,0x0000000100000000)
  to   space 78336K, 0% used [0x00000000f6700000,0x00000000f6700000,0x00000000fb380000)
 ParOldGen       total 156160K, used 123377K [0x00000000c0000000, 0x00000000c9880000, 0x00000000eab00000)
  object space 156160K, 79% used [0x00000000c0000000,0x00000000c787c690,0x00000000c9880000)
 Metaspace       used 6604K, capacity 7320K, committed 7680K, reserved 1056768K
  class space    used 625K, capacity 656K, committed 768K, reserved 1048576K
}
Event: 14.342 GC heap before
{Heap before GC invocations=15 (full 2):
 PSYoungGen      total 261120K, used 255144K [0x00000000eab00000, 0x0000000100000000, 0x0000000100000000)
  eden space 192512K, 100% used [0x00000000eab00000,0x00000000f6700000,0x00000000f6700000)
  from space 68608K, 91% used [0x00000000fbd00000,0x00000000ffa2a290,0x0000000100000000)
  to   space 78336K, 0% used [0x00000000f6700000,0x00000000f6700000,0x00000000fb380000)
 ParOldGen       total 156160K, used 123377K [0x00000000c0000000, 0x00000000c9880000, 0x00000000eab00000)
  object space 156160K, 79% used [0x00000000c0000000,0x00000000c787c690,0x00000000c9880000)
 Metaspace       used 6615K, capacity 7320K, committed 7680K, reserved 1056768K
  class space    used 625K, capacity 656K, committed 768K, reserved 1048576K
Event: 14.609 GC heap after
Heap after GC invocations=15 (full 2):
 PSYoungGen      total 270848K, used 78321K [0x00000000eab00000, 0x0000000100000000, 0x0000000100000000)
  eden space 192512K, 0% used [0x00000000eab00000,0x00000000eab00000,0x00000000f6700000)
  from space 78336K, 99% used [0x00000000f6700000,0x00000000fb37c6d0,0x00000000fb380000)
  to   space 78336K, 0% used [0x00000000fb380000,0x00000000fb380000,0x0000000100000000)
 ParOldGen       total 156160K, used 139555K [0x00000000c0000000, 0x00000000c9880000, 0x00000000eab00000)
  object space 156160K, 89% used [0x00000000c0000000,0x00000000c8848cd0,0x00000000c9880000)
 Metaspace       used 6615K, capacity 7320K, committed 7680K, reserved 1056768K
  class space    used 625K, capacity 656K, committed 768K, reserved 1048576K
}
Event: 14.609 GC heap before
{Heap before GC invocations=16 (full 3):
 PSYoungGen      total 270848K, used 78321K [0x00000000eab00000, 0x0000000100000000, 0x0000000100000000)
  eden space 192512K, 0% used [0x00000000eab00000,0x00000000eab00000,0x00000000f6700000)
  from space 78336K, 99% used [0x00000000f6700000,0x00000000fb37c6d0,0x00000000fb380000)
  to   space 78336K, 0% used [0x00000000fb380000,0x00000000fb380000,0x0000000100000000)
 ParOldGen       total 156160K, used 139555K [0x00000000c0000000, 0x00000000c9880000, 0x00000000eab00000)
  object space 156160K, 89% used [0x00000000c0000000,0x00000000c8848cd0,0x00000000c9880000)
 Metaspace       used 6615K, capacity 7320K, committed 7680K, reserved 1056768K
  class space    used 625K, capacity 656K, committed 768K, reserved 1048576K
Event: 15.793 GC heap after
Heap after GC invocations=16 (full 3):
 PSYoungGen      total 270848K, used 57151K [0x00000000eab00000, 0x0000000100000000, 0x0000000100000000)
  eden space 192512K, 0% used [0x00000000eab00000,0x00000000eab00000,0x00000000f6700000)
  from space 78336K, 72% used [0x00000000f6700000,0x00000000f9ecfe78,0x00000000fb380000)
  to   space 78336K, 0% used [0x00000000fb380000,0x00000000fb380000,0x0000000100000000)
 ParOldGen       total 244224K, used 155912K [0x00000000c0000000, 0x00000000cee80000, 0x00000000eab00000)
  object space 244224K, 63% used [0x00000000c0000000,0x00000000c9842200,0x00000000cee80000)
 Metaspace       used 6615K, capacity 7320K, committed 7680K, reserved 1056768K
  class space    used 625K, capacity 656K, committed 768K, reserved 1048576K
}

