# JRE version: Java(TM) SE Runtime Environment (8.0_65-b17) (build 1.8.0_65-b17)
# Java VM: Java HotSpot(TM) 64-Bit Server VM (25.65-b01 mixed mode windows-amd64 compressed oops)
Heap:
 PSYoungGen      total 228864K, used 68741K [0x00000000eab00000, 0x0000000100000000, 0x0000000100000000)
  eden space 148480K, 8% used [0x00000000eab00000,0x00000000eb6eb818,0x00000000f3c00000)
  from space 80384K, 70% used [0x00000000fb180000,0x00000000fe8b5c08,0x0000000100000000)
  to   space 100352K, 0% used [0x00000000f3c00000,0x00000000f3c00000,0x00000000f9e00000)
 ParOldGen       total 238080K, used 170013K [0x00000000c0000000, 0x00000000ce880000, 0x00000000eab00000)
  object space 238080K, 71% used [0x00000000c0000000,0x00000000ca6076b0,0x00000000ce880000)
 Metaspace       used 7001K, capacity 7608K, committed 7936K, reserved 1056768K
  class space    used 645K, capacity 688K, committed 768K, reserved 1048576K
GC Heap History (10 events):
Event: 8.454 GC heap before
{Heap before GC invocations=13 (full 2):
 PSYoungGen      total 258560K, used 252125K [0x00000000eab00000, 0x0000000100000000, 0x0000000100000000)
  eden space 218624K, 100% used [0x00000000eab00000,0x00000000f8080000,0x00000000f8080000)
  from space 39936K, 83% used [0x00000000fb800000,0x00000000fd8b7730,0x00000000fdf00000)
  to   space 56832K, 0% used [0x00000000f8080000,0x00000000f8080000,0x00000000fb800000)
 ParOldGen       total 150528K, used 84155K [0x00000000c0000000, 0x00000000c9300000, 0x00000000eab00000)
  object space 150528K, 55% used [0x00000000c0000000,0x00000000c522ef80,0x00000000c9300000)
 Metaspace       used 6637K, capacity 7320K, committed 7680K, reserved 1056768K
  class space    used 627K, capacity 656K, committed 768K, reserved 1048576K
Event: 8.657 GC heap after
Heap after GC invocations=13 (full 2):
 PSYoungGen      total 275456K, used 56807K [0x00000000eab00000, 0x0000000100000000, 0x0000000100000000)
  eden space 218624K, 0% used [0x00000000eab00000,0x00000000eab00000,0x00000000f8080000)
  from space 56832K, 99% used [0x00000000f8080000,0x00000000fb7f9d88,0x00000000fb800000)
  to   space 70656K, 0% used [0x00000000fbb00000,0x00000000fbb00000,0x0000000100000000)
 ParOldGen       total 150528K, used 95333K [0x00000000c0000000, 0x00000000c9300000, 0x00000000eab00000)
  object space 150528K, 63% used [0x00000000c0000000,0x00000000c5d19630,0x00000000c9300000)
 Metaspace       used 6637K, capacity 7320K, committed 7680K, reserved 1056768K
  class space    used 627K, capacity 656K, committed 768K, reserved 1048576K
}
Event: 9.763 GC heap before
{Heap before GC invocations=14 (full 2):
 PSYoungGen      total 275456K, used 275431K [0x00000000eab00000, 0x0000000100000000, 0x0000000100000000)
  eden space 218624K, 100% used [0x00000000eab00000,0x00000000f8080000,0x00000000f8080000)
  from space 56832K, 99% used [0x00000000f8080000,0x00000000fb7f9d88,0x00000000fb800000)
  to   space 70656K, 0% used [0x00000000fbb00000,0x00000000fbb00000,0x0000000100000000)
 ParOldGen       total 150528K, used 95333K [0x00000000c0000000, 0x00000000c9300000, 0x00000000eab00000)
  object space 150528K, 63% used [0x00000000c0000000,0x00000000c5d19630,0x00000000c9300000)
 Metaspace       used 6651K, capacity 7320K, committed 7680K, reserved 1056768K
  class space    used 627K, capacity 656K, committed 768K, reserved 1048576K
Event: 10.000 GC heap after
Heap after GC invocations=14 (full 2):
 PSYoungGen      total 259072K, used 62442K [0x00000000eab00000, 0x0000000100000000, 0x0000000100000000)
  eden space 188416K, 0% used [0x00000000eab00000,0x00000000eab00000,0x00000000f6300000)
  from space 70656K, 88% used [0x00000000fbb00000,0x00000000ff7fa820,0x0000000100000000)
  to   space 80384K, 0% used [0x00000000f6300000,0x00000000f6300000,0x00000000fb180000)
 ParOldGen       total 150528K, used 121487K [0x00000000c0000000, 0x00000000c9300000, 0x00000000eab00000)
  object space 150528K, 80% used [0x00000000c0000000,0x00000000c76a3e18,0x00000000c9300000)
 Metaspace       used 6651K, capacity 7320K, committed 7680K, reserved 1056768K
  class space    used 627K, capacity 656K, committed 768K, reserved 1048576K
}
Event: 11.103 GC heap before
{Heap before GC invocations=15 (full 2):
 PSYoungGen      total 259072K, used 250858K [0x00000000eab00000, 0x0000000100000000, 0x0000000100000000)
  eden space 188416K, 100% used [0x00000000eab00000,0x00000000f6300000,0x00000000f6300000)
  from space 70656K, 88% used [0x00000000fbb00000,0x00000000ff7fa820,0x0000000100000000)
  to   space 80384K, 0% used [0x00000000f6300000,0x00000000f6300000,0x00000000fb180000)
 ParOldGen       total 150528K, used 121487K [0x00000000c0000000, 0x00000000c9300000, 0x00000000eab00000)
  object space 150528K, 80% used [0x00000000c0000000,0x00000000c76a3e18,0x00000000c9300000)
 Metaspace       used 6661K, capacity 7320K, committed 7680K, reserved 1056768K
  class space    used 627K, capacity 656K, committed 768K, reserved 1048576K
Event: 11.311 GC heap after
Heap after GC invocations=15 (full 2):
 PSYoungGen      total 268800K, used 80364K [0x00000000eab00000, 0x0000000100000000, 0x0000000100000000)
  eden space 188416K, 0% used [0x00000000eab00000,0x00000000eab00000,0x00000000f6300000)
  from space 80384K, 99% used [0x00000000f6300000,0x00000000fb17b1c8,0x00000000fb180000)
  to   space 80384K, 0% used [0x00000000fb180000,0x00000000fb180000,0x0000000100000000)
 ParOldGen       total 150528K, used 133566K [0x00000000c0000000, 0x00000000c9300000, 0x00000000eab00000)
  object space 150528K, 88% used [0x00000000c0000000,0x00000000c826f880,0x00000000c9300000)
 Metaspace       used 6661K, capacity 7320K, committed 7680K, reserved 1056768K
  class space    used 627K, capacity 656K, committed 768K, reserved 1048576K
}
Event: 11.311 GC heap before
{Heap before GC invocations=16 (full 3):
 PSYoungGen      total 268800K, used 80364K [0x00000000eab00000, 0x0000000100000000, 0x0000000100000000)
  eden space 188416K, 0% used [0x00000000eab00000,0x00000000eab00000,0x00000000f6300000)
  from space 80384K, 99% used [0x00000000f6300000,0x00000000fb17b1c8,0x00000000fb180000)
  to   space 80384K, 0% used [0x00000000fb180000,0x00000000fb180000,0x0000000100000000)
 ParOldGen       total 150528K, used 133566K [0x00000000c0000000, 0x00000000c9300000, 0x00000000eab00000)
  object space 150528K, 88% used [0x00000000c0000000,0x00000000c826f880,0x00000000c9300000)
 Metaspace       used 6661K, capacity 7320K, committed 7680K, reserved 1056768K
  class space    used 627K, capacity 656K, committed 768K, reserved 1048576K
Event: 13.809 GC heap after
Heap after GC invocations=16 (full 3):
 PSYoungGen      total 268800K, used 58709K [0x00000000eab00000, 0x0000000100000000, 0x0000000100000000)
  eden space 188416K, 0% used [0x00000000eab00000,0x00000000eab00000,0x00000000f6300000)
  from space 80384K, 73% used [0x00000000f6300000,0x00000000f9c55430,0x00000000fb180000)
  to   space 80384K, 0% used [0x00000000fb180000,0x00000000fb180000,0x0000000100000000)
 ParOldGen       total 238080K, used 150349K [0x00000000c0000000, 0x00000000ce880000, 0x00000000eab00000)
  object space 238080K, 63% used [0x00000000c0000000,0x00000000c92d3440,0x00000000ce880000)
 Metaspace       used 6661K, capacity 7320K, committed 7680K, reserved 1056768K
  class space    used 627K, capacity 656K, committed 768K, reserved 1048576K
}
Event: 16.183 GC heap before
{Heap before GC invocations=17 (full 3):
 PSYoungGen      total 268800K, used 247125K [0x00000000eab00000, 0x0000000100000000, 0x0000000100000000)
  eden space 188416K, 100% used [0x00000000eab00000,0x00000000f6300000,0x00000000f6300000)
  from space 80384K, 73% used [0x00000000f6300000,0x00000000f9c55430,0x00000000fb180000)
  to   space 80384K, 0% used [0x00000000fb180000,0x00000000fb180000,0x0000000100000000)
 ParOldGen       total 238080K, used 150349K [0x00000000c0000000, 0x00000000ce880000, 0x00000000eab00000)
  object space 238080K, 63% used [0x00000000c0000000,0x00000000c92d3440,0x00000000ce880000)
 Metaspace       used 7000K, capacity 7608K, committed 7936K, reserved 1056768K
  class space    used 645K, capacity 688K, committed 768K, reserved 1048576K
Event: 16.404 GC heap after
Heap after GC invocations=17 (full 3):
 PSYoungGen      total 228864K, used 56535K [0x00000000eab00000, 0x0000000100000000, 0x0000000100000000)
  eden space 148480K, 0% used [0x00000000eab00000,0x00000000eab00000,0x00000000f3c00000)
  from space 80384K, 70% used [0x00000000fb180000,0x00000000fe8b5c08,0x0000000100000000)
  to   space 100352K, 0% used [0x00000000f3c00000,0x00000000f3c00000,0x00000000f9e00000)
 ParOldGen       total 238080K, used 170013K [0x00000000c0000000, 0x00000000ce880000, 0x00000000eab00000)
  object space 238080K, 71% used [0x00000000c0000000,0x00000000ca6076b0,0x00000000ce880000)
 Metaspace       used 7000K, capacity 7608K, committed 7936K, reserved 1056768K
  class space    used 645K, capacity 688K, committed 768K, reserved 1048576K
}

