# JRE version: Java(TM) SE Runtime Environment (8.0_65-b17) (build 1.8.0_65-b17)
# Java VM: Java HotSpot(TM) 64-Bit Server VM (25.65-b01 mixed mode windows-amd64 compressed oops)
Heap:
 PSYoungGen      total 223744K, used 100630K [0x00000000eab00000, 0x0000000100000000, 0x0000000100000000)
  eden space 145408K, 27% used [0x00000000eab00000,0x00000000ed1e6b40,0x00000000f3900000)
  from space 78336K, 77% used [0x00000000fb380000,0x00000000feedee80,0x0000000100000000)
  to   space 101888K, 0% used [0x00000000f3900000,0x00000000f3900000,0x00000000f9c80000)
 ParOldGen       total 233984K, used 165167K [0x00000000c0000000, 0x00000000ce480000, 0x00000000eab00000)
  object space 233984K, 70% used [0x00000000c0000000,0x00000000ca14bcc8,0x00000000ce480000)
 Metaspace       used 7080K, capacity 7736K, committed 7936K, reserved 1056768K
  class space    used 646K, capacity 688K, committed 768K, reserved 1048576K
GC Heap History (10 events):
Event: 9.797 GC heap before
{Heap before GC invocations=13 (full 2):
 PSYoungGen      total 261120K, used 252812K [0x00000000eab00000, 0x0000000100000000, 0x0000000100000000)
  eden space 222720K, 100% used [0x00000000eab00000,0x00000000f8480000,0x00000000f8480000)
  from space 38400K, 78% used [0x00000000fba00000,0x00000000fd763350,0x00000000fdf80000)
  to   space 54784K, 0% used [0x00000000f8480000,0x00000000f8480000,0x00000000fba00000)
 ParOldGen       total 148480K, used 84063K [0x00000000c0000000, 0x00000000c9100000, 0x00000000eab00000)
  object space 148480K, 56% used [0x00000000c0000000,0x00000000c5217ec0,0x00000000c9100000)
 Metaspace       used 6592K, capacity 7320K, committed 7680K, reserved 1056768K
  class space    used 624K, capacity 656K, committed 768K, reserved 1048576K
Event: 10.004 GC heap after
Heap after GC invocations=13 (full 2):
 PSYoungGen      total 277504K, used 54752K [0x00000000eab00000, 0x0000000100000000, 0x0000000100000000)
  eden space 222720K, 0% used [0x00000000eab00000,0x00000000eab00000,0x00000000f8480000)
  from space 54784K, 99% used [0x00000000f8480000,0x00000000fb9f8380,0x00000000fba00000)
  to   space 67584K, 0% used [0x00000000fbe00000,0x00000000fbe00000,0x0000000100000000)
 ParOldGen       total 148480K, used 92728K [0x00000000c0000000, 0x00000000c9100000, 0x00000000eab00000)
  object space 148480K, 62% used [0x00000000c0000000,0x00000000c5a8e058,0x00000000c9100000)
 Metaspace       used 6592K, capacity 7320K, committed 7680K, reserved 1056768K
  class space    used 624K, capacity 656K, committed 768K, reserved 1048576K
}
Event: 11.223 GC heap before
{Heap before GC invocations=14 (full 2):
 PSYoungGen      total 277504K, used 277472K [0x00000000eab00000, 0x0000000100000000, 0x0000000100000000)
  eden space 222720K, 100% used [0x00000000eab00000,0x00000000f8480000,0x00000000f8480000)
  from space 54784K, 99% used [0x00000000f8480000,0x00000000fb9f8380,0x00000000fba00000)
  to   space 67584K, 0% used [0x00000000fbe00000,0x00000000fbe00000,0x0000000100000000)
 ParOldGen       total 148480K, used 92728K [0x00000000c0000000, 0x00000000c9100000, 0x00000000eab00000)
  object space 148480K, 62% used [0x00000000c0000000,0x00000000c5a8e058,0x00000000c9100000)
 Metaspace       used 6604K, capacity 7320K, committed 7680K, reserved 1056768K
  class space    used 624K, capacity 656K, committed 768K, reserved 1048576K
Event: 11.461 GC heap after
Heap after GC invocations=14 (full 2):
 PSYoungGen      total 260096K, used 64892K [0x00000000eab00000, 0x0000000100000000, 0x0000000100000000)
  eden space 192512K, 0% used [0x00000000eab00000,0x00000000eab00000,0x00000000f6700000)
  from space 67584K, 96% used [0x00000000fbe00000,0x00000000ffd5f098,0x0000000100000000)
  to   space 78336K, 0% used [0x00000000f6700000,0x00000000f6700000,0x00000000fb380000)
 ParOldGen       total 148480K, used 115510K [0x00000000c0000000, 0x00000000c9100000, 0x00000000eab00000)
  object space 148480K, 77% used [0x00000000c0000000,0x00000000c70cd8f8,0x00000000c9100000)
 Metaspace       used 6604K, capacity 7320K, committed 7680K, reserved 1056768K
  class space    used 624K, capacity 656K, committed 768K, reserved 1048576K
}
Event: 12.635 GC heap before
{Heap before GC invocations=15 (full 2):
 PSYoungGen      total 260096K, used 257404K [0x00000000eab00000, 0x0000000100000000, 0x0000000100000000)
  eden space 192512K, 100% used [0x00000000eab00000,0x00000000f6700000,0x00000000f6700000)
  from space 67584K, 96% used [0x00000000fbe00000,0x00000000ffd5f098,0x0000000100000000)
  to   space 78336K, 0% used [0x00000000f6700000,0x00000000f6700000,0x00000000fb380000)
 ParOldGen       total 148480K, used 115510K [0x00000000c0000000, 0x00000000c9100000, 0x00000000eab00000)
  object space 148480K, 77% used [0x00000000c0000000,0x00000000c70cd8f8,0x00000000c9100000)
 Metaspace       used 6623K, capacity 7320K, committed 7680K, reserved 1056768K
  class space    used 624K, capacity 656K, committed 768K, reserved 1048576K
Event: 12.831 GC heap after
Heap after GC invocations=15 (full 2):
 PSYoungGen      total 270848K, used 78313K [0x00000000eab00000, 0x0000000100000000, 0x0000000100000000)
  eden space 192512K, 0% used [0x00000000eab00000,0x00000000eab00000,0x00000000f6700000)
  from space 78336K, 99% used [0x00000000f6700000,0x00000000fb37a6b0,0x00000000fb380000)
  to   space 78336K, 0% used [0x00000000fb380000,0x00000000fb380000,0x0000000100000000)
 ParOldGen       total 148480K, used 132569K [0x00000000c0000000, 0x00000000c9100000, 0x00000000eab00000)
  object space 148480K, 89% used [0x00000000c0000000,0x00000000c8176608,0x00000000c9100000)
 Metaspace       used 6623K, capacity 7320K, committed 7680K, reserved 1056768K
  class space    used 624K, capacity 656K, committed 768K, reserved 1048576K
}
Event: 12.831 GC heap before
{Heap before GC invocations=16 (full 3):
 PSYoungGen      total 270848K, used 78313K [0x00000000eab00000, 0x0000000100000000, 0x0000000100000000)
  eden space 192512K, 0% used [0x00000000eab00000,0x00000000eab00000,0x00000000f6700000)
  from space 78336K, 99% used [0x00000000f6700000,0x00000000fb37a6b0,0x00000000fb380000)
  to   space 78336K, 0% used [0x00000000fb380000,0x00000000fb380000,0x0000000100000000)
 ParOldGen       total 148480K, used 132569K [0x00000000c0000000, 0x00000000c9100000, 0x00000000eab00000)
  object space 148480K, 89% used [0x00000000c0000000,0x00000000c8176608,0x00000000c9100000)
 Metaspace       used 6623K, capacity 7320K, committed 7680K, reserved 1056768K
  class space    used 624K, capacity 656K, committed 768K, reserved 1048576K
Event: 14.924 GC heap after
Heap after GC invocations=16 (full 3):
 PSYoungGen      total 270848K, used 58141K [0x00000000eab00000, 0x0000000100000000, 0x0000000100000000)
  eden space 192512K, 0% used [0x00000000eab00000,0x00000000eab00000,0x00000000f6700000)
  from space 78336K, 74% used [0x00000000f6700000,0x00000000f9fc76c0,0x00000000fb380000)
  to   space 78336K, 0% used [0x00000000fb380000,0x00000000fb380000,0x0000000100000000)
 ParOldGen       total 233984K, used 148341K [0x00000000c0000000, 0x00000000ce480000, 0x00000000eab00000)
  object space 233984K, 63% used [0x00000000c0000000,0x00000000c90dd410,0x00000000ce480000)
 Metaspace       used 6623K, capacity 7320K, committed 7680K, reserved 1056768K
  class space    used 624K, capacity 656K, committed 768K, reserved 1048576K
}
Event: 17.492 GC heap before
{Heap before GC invocations=17 (full 3):
 PSYoungGen      total 270848K, used 250653K [0x00000000eab00000, 0x0000000100000000, 0x0000000100000000)
  eden space 192512K, 100% used [0x00000000eab00000,0x00000000f6700000,0x00000000f6700000)
  from space 78336K, 74% used [0x00000000f6700000,0x00000000f9fc76c0,0x00000000fb380000)
  to   space 78336K, 0% used [0x00000000fb380000,0x00000000fb380000,0x0000000100000000)
 ParOldGen       total 233984K, used 148341K [0x00000000c0000000, 0x00000000ce480000, 0x00000000eab00000)
  object space 233984K, 63% used [0x00000000c0000000,0x00000000c90dd410,0x00000000ce480000)
 Metaspace       used 6963K, capacity 7608K, committed 7936K, reserved 1056768K
  class space    used 643K, capacity 688K, committed 768K, reserved 1048576K
Event: 17.714 GC heap after
Heap after GC invocations=17 (full 3):
 PSYoungGen      total 223744K, used 60795K [0x00000000eab00000, 0x0000000100000000, 0x0000000100000000)
  eden space 145408K, 0% used [0x00000000eab00000,0x00000000eab00000,0x00000000f3900000)
  from space 78336K, 77% used [0x00000000fb380000,0x00000000feedee80,0x0000000100000000)
  to   space 101888K, 0% used [0x00000000f3900000,0x00000000f3900000,0x00000000f9c80000)
 ParOldGen       total 233984K, used 165167K [0x00000000c0000000, 0x00000000ce480000, 0x00000000eab00000)
  object space 233984K, 70% used [0x00000000c0000000,0x00000000ca14bcc8,0x00000000ce480000)
 Metaspace       used 6963K, capacity 7608K, committed 7936K, reserved 1056768K
  class space    used 643K, capacity 688K, committed 768K, reserved 1048576K
}

