# JRE version: Java(TM) SE Runtime Environment (8.0_65-b17) (build 1.8.0_65-b17)
# Java VM: Java HotSpot(TM) 64-Bit Server VM (25.65-b01 mixed mode windows-amd64 compressed oops)
Heap:
 PSYoungGen      total 223232K, used 94238K [0x00000000eab00000, 0x00000000ff500000, 0x0000000100000000)
  eden space 189440K, 32% used [0x00000000eab00000,0x00000000ee6497c8,0x00000000f6400000)
  from space 33792K, 99% used [0x00000000f6400000,0x00000000f84be098,0x00000000f8500000)
  to   space 74240K, 0% used [0x00000000fac80000,0x00000000fac80000,0x00000000ff500000)
 ParOldGen       total 276480K, used 202634K [0x00000000c0000000, 0x00000000d0e00000, 0x00000000eab00000)
  object space 276480K, 73% used [0x00000000c0000000,0x00000000cc5e2800,0x00000000d0e00000)
 Metaspace       used 7073K, capacity 7736K, committed 7936K, reserved 1056768K
  class space    used 646K, capacity 688K, committed 768K, reserved 1048576K
GC Heap History (10 events):
Event: 9.733 GC heap before
{Heap before GC invocations=14 (full 2):
 PSYoungGen      total 273920K, used 271159K [0x00000000eab00000, 0x0000000100000000, 0x0000000100000000)
  eden space 219648K, 100% used [0x00000000eab00000,0x00000000f8180000,0x00000000f8180000)
  from space 54272K, 94% used [0x00000000f8180000,0x00000000fb3cdfb8,0x00000000fb680000)
  to   space 62976K, 0% used [0x00000000fc280000,0x00000000fc280000,0x0000000100000000)
 ParOldGen       total 165888K, used 94892K [0x00000000c0000000, 0x00000000ca200000, 0x00000000eab00000)
  object space 165888K, 57% used [0x00000000c0000000,0x00000000c5cab398,0x00000000ca200000)
 Metaspace       used 6594K, capacity 7320K, committed 7680K, reserved 1056768K
  class space    used 625K, capacity 656K, committed 768K, reserved 1048576K
Event: 9.964 GC heap after
Heap after GC invocations=14 (full 2):
 PSYoungGen      total 249344K, used 62954K [0x00000000eab00000, 0x0000000100000000, 0x0000000100000000)
  eden space 186368K, 0% used [0x00000000eab00000,0x00000000eab00000,0x00000000f6100000)
  from space 62976K, 99% used [0x00000000fc280000,0x00000000ffffa978,0x0000000100000000)
  to   space 81408K, 0% used [0x00000000f6100000,0x00000000f6100000,0x00000000fb080000)
 ParOldGen       total 165888K, used 114781K [0x00000000c0000000, 0x00000000ca200000, 0x00000000eab00000)
  object space 165888K, 69% used [0x00000000c0000000,0x00000000c7017738,0x00000000ca200000)
 Metaspace       used 6594K, capacity 7320K, committed 7680K, reserved 1056768K
  class space    used 625K, capacity 656K, committed 768K, reserved 1048576K
}
Event: 9.974 GC heap before
{Heap before GC invocations=15 (full 2):
 PSYoungGen      total 249344K, used 65872K [0x00000000eab00000, 0x0000000100000000, 0x0000000100000000)
  eden space 186368K, 1% used [0x00000000eab00000,0x00000000eadd96a0,0x00000000f6100000)
  from space 62976K, 99% used [0x00000000fc280000,0x00000000ffffa978,0x0000000100000000)
  to   space 81408K, 0% used [0x00000000f6100000,0x00000000f6100000,0x00000000fb080000)
 ParOldGen       total 165888K, used 114781K [0x00000000c0000000, 0x00000000ca200000, 0x00000000eab00000)
  object space 165888K, 69% used [0x00000000c0000000,0x00000000c7017738,0x00000000ca200000)
 Metaspace       used 6594K, capacity 7320K, committed 7680K, reserved 1056768K
  class space    used 625K, capacity 656K, committed 768K, reserved 1048576K
Event: 10.143 GC heap after
Heap after GC invocations=15 (full 2):
 PSYoungGen      total 231424K, used 45001K [0x00000000eab00000, 0x0000000100000000, 0x0000000100000000)
  eden space 186368K, 0% used [0x00000000eab00000,0x00000000eab00000,0x00000000f6100000)
  from space 45056K, 99% used [0x00000000f6100000,0x00000000f8cf2470,0x00000000f8d00000)
  to   space 81920K, 0% used [0x00000000fb000000,0x00000000fb000000,0x0000000100000000)
 ParOldGen       total 165888K, used 133012K [0x00000000c0000000, 0x00000000ca200000, 0x00000000eab00000)
  object space 165888K, 80% used [0x00000000c0000000,0x00000000c81e5240,0x00000000ca200000)
 Metaspace       used 6594K, capacity 7320K, committed 7680K, reserved 1056768K
  class space    used 625K, capacity 656K, committed 768K, reserved 1048576K
}
Event: 10.930 GC heap before
{Heap before GC invocations=16 (full 2):
 PSYoungGen      total 231424K, used 231369K [0x00000000eab00000, 0x0000000100000000, 0x0000000100000000)
  eden space 186368K, 100% used [0x00000000eab00000,0x00000000f6100000,0x00000000f6100000)
  from space 45056K, 99% used [0x00000000f6100000,0x00000000f8cf2470,0x00000000f8d00000)
  to   space 81920K, 0% used [0x00000000fb000000,0x00000000fb000000,0x0000000100000000)
 ParOldGen       total 165888K, used 133012K [0x00000000c0000000, 0x00000000ca200000, 0x00000000eab00000)
  object space 165888K, 80% used [0x00000000c0000000,0x00000000c81e5240,0x00000000ca200000)
 Metaspace       used 6610K, capacity 7320K, committed 7680K, reserved 1056768K
  class space    used 625K, capacity 656K, committed 768K, reserved 1048576K
Event: 11.189 GC heap after
Heap after GC invocations=16 (full 2):
 PSYoungGen      total 271360K, used 32569K [0x00000000eab00000, 0x0000000100000000, 0x0000000100000000)
  eden space 189440K, 0% used [0x00000000eab00000,0x00000000eab00000,0x00000000f6400000)
  from space 81920K, 39% used [0x00000000fb000000,0x00000000fcfce700,0x0000000100000000)
  to   space 77824K, 0% used [0x00000000f6400000,0x00000000f6400000,0x00000000fb000000)
 ParOldGen       total 178688K, used 177881K [0x00000000c0000000, 0x00000000cae80000, 0x00000000eab00000)
  object space 178688K, 99% used [0x00000000c0000000,0x00000000cadb6480,0x00000000cae80000)
 Metaspace       used 6610K, capacity 7320K, committed 7680K, reserved 1056768K
  class space    used 625K, capacity 656K, committed 768K, reserved 1048576K
}
Event: 11.189 GC heap before
{Heap before GC invocations=17 (full 3):
 PSYoungGen      total 271360K, used 32569K [0x00000000eab00000, 0x0000000100000000, 0x0000000100000000)
  eden space 189440K, 0% used [0x00000000eab00000,0x00000000eab00000,0x00000000f6400000)
  from space 81920K, 39% used [0x00000000fb000000,0x00000000fcfce700,0x0000000100000000)
  to   space 77824K, 0% used [0x00000000f6400000,0x00000000f6400000,0x00000000fb000000)
 ParOldGen       total 178688K, used 177881K [0x00000000c0000000, 0x00000000cae80000, 0x00000000eab00000)
  object space 178688K, 99% used [0x00000000c0000000,0x00000000cadb6480,0x00000000cae80000)
 Metaspace       used 6610K, capacity 7320K, committed 7680K, reserved 1056768K
  class space    used 625K, capacity 656K, committed 768K, reserved 1048576K
Event: 13.623 GC heap after
Heap after GC invocations=17 (full 3):
 PSYoungGen      total 271360K, used 26681K [0x00000000eab00000, 0x0000000100000000, 0x0000000100000000)
  eden space 189440K, 0% used [0x00000000eab00000,0x00000000eab00000,0x00000000f6400000)
  from space 81920K, 32% used [0x00000000fb000000,0x00000000fca0e430,0x0000000100000000)
  to   space 77824K, 0% used [0x00000000f6400000,0x00000000f6400000,0x00000000fb000000)
 ParOldGen       total 276480K, used 178657K [0x00000000c0000000, 0x00000000d0e00000, 0x00000000eab00000)
  object space 276480K, 64% used [0x00000000c0000000,0x00000000cae785a8,0x00000000d0e00000)
 Metaspace       used 6610K, capacity 7320K, committed 7680K, reserved 1056768K
  class space    used 625K, capacity 656K, committed 768K, reserved 1048576K
}
Event: 15.478 GC heap before
{Heap before GC invocations=18 (full 3):
 PSYoungGen      total 271360K, used 216121K [0x00000000eab00000, 0x0000000100000000, 0x0000000100000000)
  eden space 189440K, 100% used [0x00000000eab00000,0x00000000f6400000,0x00000000f6400000)
  from space 81920K, 32% used [0x00000000fb000000,0x00000000fca0e430,0x0000000100000000)
  to   space 77824K, 0% used [0x00000000f6400000,0x00000000f6400000,0x00000000fb000000)
 ParOldGen       total 276480K, used 178657K [0x00000000c0000000, 0x00000000d0e00000, 0x00000000eab00000)
  object space 276480K, 64% used [0x00000000c0000000,0x00000000cae785a8,0x00000000d0e00000)
 Metaspace       used 6945K, capacity 7608K, committed 7936K, reserved 1056768K
  class space    used 643K, capacity 688K, committed 768K, reserved 1048576K
Event: 15.770 GC heap after
Heap after GC invocations=18 (full 3):
 PSYoungGen      total 223232K, used 33528K [0x00000000eab00000, 0x00000000ff500000, 0x0000000100000000)
  eden space 189440K, 0% used [0x00000000eab00000,0x00000000eab00000,0x00000000f6400000)
  from space 33792K, 99% used [0x00000000f6400000,0x00000000f84be098,0x00000000f8500000)
  to   space 74240K, 0% used [0x00000000fac80000,0x00000000fac80000,0x00000000ff500000)
 ParOldGen       total 276480K, used 202634K [0x00000000c0000000, 0x00000000d0e00000, 0x00000000eab00000)
  object space 276480K, 73% used [0x00000000c0000000,0x00000000cc5e2800,0x00000000d0e00000)
 Metaspace       used 6945K, capacity 7608K, committed 7936K, reserved 1056768K
  class space    used 643K, capacity 688K, committed 768K, reserved 1048576K
}

