# JRE version: Java(TM) SE Runtime Environment (8.0_65-b17) (build 1.8.0_65-b17)
# Java VM: Java HotSpot(TM) 64-Bit Server VM (25.65-b01 mixed mode windows-amd64 compressed oops)
Heap:
 PSYoungGen      total 256512K, used 189259K [0x00000000eab00000, 0x0000000100000000, 0x0000000100000000)
  eden space 190464K, 64% used [0x00000000eab00000,0x00000000f2371c88,0x00000000f6500000)
  from space 66048K, 99% used [0x00000000f6500000,0x00000000fa5612a0,0x00000000fa580000)
  to   space 88064K, 0% used [0x00000000faa00000,0x00000000faa00000,0x0000000100000000)
 ParOldGen       total 237056K, used 148316K [0x00000000c0000000, 0x00000000ce780000, 0x00000000eab00000)
  object space 237056K, 62% used [0x00000000c0000000,0x00000000c90d7008,0x00000000ce780000)
 Metaspace       used 6717K, capacity 7384K, committed 7680K, reserved 1056768K
  class space    used 630K, capacity 656K, committed 768K, reserved 1048576K
GC Heap History (10 events):
Event: 7.535 GC heap before
{Heap before GC invocations=12 (full 2):
 PSYoungGen      total 264704K, used 38884K [0x00000000eab00000, 0x0000000100000000, 0x0000000100000000)
  eden space 225792K, 0% used [0x00000000eab00000,0x00000000eab00000,0x00000000f8780000)
  from space 38912K, 99% used [0x00000000fbe00000,0x00000000fe3f91d0,0x00000000fe400000)
  to   space 55808K, 0% used [0x00000000f8780000,0x00000000f8780000,0x00000000fbe00000)
 ParOldGen       total 83968K, used 83771K [0x00000000c0000000, 0x00000000c5200000, 0x00000000eab00000)
  object space 83968K, 99% used [0x00000000c0000000,0x00000000c51ceca0,0x00000000c5200000)
 Metaspace       used 6587K, capacity 7320K, committed 7680K, reserved 1056768K
  class space    used 624K, capacity 656K, committed 768K, reserved 1048576K
Event: 8.741 GC heap after
Heap after GC invocations=12 (full 2):
 PSYoungGen      total 264704K, used 35144K [0x00000000eab00000, 0x0000000100000000, 0x0000000100000000)
  eden space 225792K, 0% used [0x00000000eab00000,0x00000000eab00000,0x00000000f8780000)
  from space 38912K, 90% used [0x00000000fbe00000,0x00000000fe052258,0x00000000fe400000)
  to   space 55808K, 0% used [0x00000000f8780000,0x00000000f8780000,0x00000000fbe00000)
 ParOldGen       total 148480K, used 83522K [0x00000000c0000000, 0x00000000c9100000, 0x00000000eab00000)
  object space 148480K, 56% used [0x00000000c0000000,0x00000000c5190a78,0x00000000c9100000)
 Metaspace       used 6587K, capacity 7320K, committed 7680K, reserved 1056768K
  class space    used 624K, capacity 656K, committed 768K, reserved 1048576K
}
Event: 10.031 GC heap before
{Heap before GC invocations=13 (full 2):
 PSYoungGen      total 264704K, used 260936K [0x00000000eab00000, 0x0000000100000000, 0x0000000100000000)
  eden space 225792K, 100% used [0x00000000eab00000,0x00000000f8780000,0x00000000f8780000)
  from space 38912K, 90% used [0x00000000fbe00000,0x00000000fe052258,0x00000000fe400000)
  to   space 55808K, 0% used [0x00000000f8780000,0x00000000f8780000,0x00000000fbe00000)
 ParOldGen       total 148480K, used 83522K [0x00000000c0000000, 0x00000000c9100000, 0x00000000eab00000)
  object space 148480K, 56% used [0x00000000c0000000,0x00000000c5190a78,0x00000000c9100000)
 Metaspace       used 6591K, capacity 7320K, committed 7680K, reserved 1056768K
  class space    used 624K, capacity 656K, committed 768K, reserved 1048576K
Event: 10.245 GC heap after
Heap after GC invocations=13 (full 2):
 PSYoungGen      total 281600K, used 55801K [0x00000000eab00000, 0x0000000100000000, 0x0000000100000000)
  eden space 225792K, 0% used [0x00000000eab00000,0x00000000eab00000,0x00000000f8780000)
  from space 55808K, 99% used [0x00000000f8780000,0x00000000fbdfe588,0x00000000fbe00000)
  to   space 67584K, 0% used [0x00000000fbe00000,0x00000000fbe00000,0x0000000100000000)
 ParOldGen       total 148480K, used 97832K [0x00000000c0000000, 0x00000000c9100000, 0x00000000eab00000)
  object space 148480K, 65% used [0x00000000c0000000,0x00000000c5f8a3c8,0x00000000c9100000)
 Metaspace       used 6591K, capacity 7320K, committed 7680K, reserved 1056768K
  class space    used 624K, capacity 656K, committed 768K, reserved 1048576K
}
Event: 11.377 GC heap before
{Heap before GC invocations=14 (full 2):
 PSYoungGen      total 281600K, used 281593K [0x00000000eab00000, 0x0000000100000000, 0x0000000100000000)
  eden space 225792K, 100% used [0x00000000eab00000,0x00000000f8780000,0x00000000f8780000)
  from space 55808K, 99% used [0x00000000f8780000,0x00000000fbdfe588,0x00000000fbe00000)
  to   space 67584K, 0% used [0x00000000fbe00000,0x00000000fbe00000,0x0000000100000000)
 ParOldGen       total 148480K, used 97832K [0x00000000c0000000, 0x00000000c9100000, 0x00000000eab00000)
  object space 148480K, 65% used [0x00000000c0000000,0x00000000c5f8a3c8,0x00000000c9100000)
 Metaspace       used 6606K, capacity 7320K, committed 7680K, reserved 1056768K
  class space    used 624K, capacity 656K, committed 768K, reserved 1048576K
Event: 11.610 GC heap after
Heap after GC invocations=14 (full 2):
 PSYoungGen      total 258048K, used 59715K [0x00000000eab00000, 0x0000000100000000, 0x0000000100000000)
  eden space 190464K, 0% used [0x00000000eab00000,0x00000000eab00000,0x00000000f6500000)
  from space 67584K, 88% used [0x00000000fbe00000,0x00000000ff850c38,0x0000000100000000)
  to   space 79360K, 0% used [0x00000000f6500000,0x00000000f6500000,0x00000000fb280000)
 ParOldGen       total 148480K, used 127918K [0x00000000c0000000, 0x00000000c9100000, 0x00000000eab00000)
  object space 148480K, 86% used [0x00000000c0000000,0x00000000c7ceb858,0x00000000c9100000)
 Metaspace       used 6606K, capacity 7320K, committed 7680K, reserved 1056768K
  class space    used 624K, capacity 656K, committed 768K, reserved 1048576K
}
Event: 11.610 GC heap before
{Heap before GC invocations=15 (full 3):
 PSYoungGen      total 258048K, used 59715K [0x00000000eab00000, 0x0000000100000000, 0x0000000100000000)
  eden space 190464K, 0% used [0x00000000eab00000,0x00000000eab00000,0x00000000f6500000)
  from space 67584K, 88% used [0x00000000fbe00000,0x00000000ff850c38,0x0000000100000000)
  to   space 79360K, 0% used [0x00000000f6500000,0x00000000f6500000,0x00000000fb280000)
 ParOldGen       total 148480K, used 127918K [0x00000000c0000000, 0x00000000c9100000, 0x00000000eab00000)
  object space 148480K, 86% used [0x00000000c0000000,0x00000000c7ceb858,0x00000000c9100000)
 Metaspace       used 6606K, capacity 7320K, committed 7680K, reserved 1056768K
  class space    used 624K, capacity 656K, committed 768K, reserved 1048576K
Event: 12.843 GC heap after
Heap after GC invocations=15 (full 3):
 PSYoungGen      total 258048K, used 35926K [0x00000000eab00000, 0x0000000100000000, 0x0000000100000000)
  eden space 190464K, 0% used [0x00000000eab00000,0x00000000eab00000,0x00000000f6500000)
  from space 67584K, 53% used [0x00000000fbe00000,0x00000000fe115a98,0x0000000100000000)
  to   space 79360K, 0% used [0x00000000f6500000,0x00000000f6500000,0x00000000fb280000)
 ParOldGen       total 237056K, used 148316K [0x00000000c0000000, 0x00000000ce780000, 0x00000000eab00000)
  object space 237056K, 62% used [0x00000000c0000000,0x00000000c90d7008,0x00000000ce780000)
 Metaspace       used 6606K, capacity 7320K, committed 7680K, reserved 1056768K
  class space    used 624K, capacity 656K, committed 768K, reserved 1048576K
}
Event: 13.897 GC heap before
{Heap before GC invocations=16 (full 3):
 PSYoungGen      total 258048K, used 226390K [0x00000000eab00000, 0x0000000100000000, 0x0000000100000000)
  eden space 190464K, 100% used [0x00000000eab00000,0x00000000f6500000,0x00000000f6500000)
  from space 67584K, 53% used [0x00000000fbe00000,0x00000000fe115a98,0x0000000100000000)
  to   space 79360K, 0% used [0x00000000f6500000,0x00000000f6500000,0x00000000fb280000)
 ParOldGen       total 237056K, used 148316K [0x00000000c0000000, 0x00000000ce780000, 0x00000000eab00000)
  object space 237056K, 62% used [0x00000000c0000000,0x00000000c90d7008,0x00000000ce780000)
 Metaspace       used 6615K, capacity 7320K, committed 7680K, reserved 1056768K
  class space    used 624K, capacity 656K, committed 768K, reserved 1048576K
Event: 14.133 GC heap after
Heap after GC invocations=16 (full 3):
 PSYoungGen      total 256512K, used 65924K [0x00000000eab00000, 0x0000000100000000, 0x0000000100000000)
  eden space 190464K, 0% used [0x00000000eab00000,0x00000000eab00000,0x00000000f6500000)
  from space 66048K, 99% used [0x00000000f6500000,0x00000000fa5612a0,0x00000000fa580000)
  to   space 88064K, 0% used [0x00000000faa00000,0x00000000faa00000,0x0000000100000000)
 ParOldGen       total 237056K, used 148316K [0x00000000c0000000, 0x00000000ce780000, 0x00000000eab00000)
  object space 237056K, 62% used [0x00000000c0000000,0x00000000c90d7008,0x00000000ce780000)
 Metaspace       used 6615K, capacity 7320K, committed 7680K, reserved 1056768K
  class space    used 624K, capacity 656K, committed 768K, reserved 1048576K
}

